{"meta": {"format": 3, "version": "7.13.1", "timestamp": "2026-01-21T05:48:02.249850", "branch_coverage": false, "show_contexts": false}, "files": {"app/__init__.py": {"executed_lines": [2], "summary": {"covered_lines": 1, "num_statements": 1, "percent_covered": 100.0, "percent_covered_display": "100", "missing_lines": 0, "excluded_lines": 0, "percent_statements_covered": 100.0, "percent_statements_covered_display": "100"}, "missing_lines": [], "excluded_lines": [], "functions": {"": {"executed_lines": [2], "summary": {"covered_lines": 1, "num_statements": 1, "percent_covered": 100.0, "percent_covered_display": "100", "missing_lines": 0, "excluded_lines": 0, "percent_statements_covered": 100.0, "percent_statements_covered_display": "100"}, "missing_lines": [], "excluded_lines": [], "start_line": 1}}, "classes": {"": {"executed_lines": [2], "summary": {"covered_lines": 1, "num_statements": 1, "percent_covered": 100.0, "percent_covered_display": "100", "missing_lines": 0, "excluded_lines": 0, "percent_statements_covered": 100.0, "percent_statements_covered_display": "100"}, "missing_lines": [], "excluded_lines": [], "start_line": 1}}}, "app/api/__init__.py": {"executed_lines": [], "summary": {"covered_lines": 0, "num_statements": 0, "percent_covered": 100.0, "percent_covered_display": "100", "missing_lines": 0, "excluded_lines": 0, "percent_statements_covered": 100.0, "percent_statements_covered_display": "100"}, "missing_lines": [], "excluded_lines": [], "functions": {"": {"executed_lines": [], "summary": {"covered_lines": 0, "num_statements": 0, "percent_covered": 100.0, "percent_covered_display": "100", "missing_lines": 0, "excluded_lines": 0, "percent_statements_covered": 100.0, "percent_statements_covered_display": "100"}, "missing_lines": [], "excluded_lines": [], "start_line": 1}}, "classes": {"": {"executed_lines": [], "summary": {"covered_lines": 0, "num_statements": 0, "percent_covered": 100.0, "percent_covered_display": "100", "missing_lines": 0, "excluded_lines": 0, "percent_statements_covered": 100.0, "percent_statements_covered_display": "100"}, "missing_lines": [], "excluded_lines": [], "start_line": 1}}}, "app/api/deps.py": {"executed_lines": [2, 4, 5, 6, 7, 8, 9, 11, 12, 13, 14, 15, 17, 20, 26, 36, 84, 107, 123, 124, 126, 127, 128, 129, 135, 136, 138, 141], "summary": {"covered_lines": 28, "num_statements": 53, "percent_covered": 52.83018867924528, "percent_covered_display": "53", "missing_lines": 25, "excluded_lines": 0, "percent_statements_covered": 52.83018867924528, "percent_statements_covered_display": "53"}, "missing_lines": [32, 33, 52, 58, 59, 60, 61, 62, 63, 64, 67, 69, 70, 72, 73, 75, 76, 81, 98, 99, 100, 130, 131, 132, 139], "excluded_lines": [], "functions": {"get_db": {"executed_lines": [], "summary": {"covered_lines": 0, "num_statements": 2, "percent_covered": 0.0, "percent_covered_display": "0", "missing_lines": 2, "excluded_lines": 0, "percent_statements_covered": 0.0, "percent_statements_covered_display": "0"}, "missing_lines": [32, 33], "excluded_lines": [], "start_line": 26}, "get_current_user": {"executed_lines": [], "summary": {"covered_lines": 0, "num_statements": 16, "percent_covered": 0.0, "percent_covered_display": "0", "missing_lines": 16, "excluded_lines": 0, "percent_statements_covered": 0.0, "percent_statements_covered_display": "0"}, "missing_lines": [52, 58, 59, 60, 61, 62, 63, 64, 67, 69, 70, 72, 73, 75, 76, 81], "excluded_lines": [], "start_line": 36}, "get_current_active_user": {"executed_lines": [], "summary": {"covered_lines": 0, "num_statements": 3, "percent_covered": 0.0, "percent_covered_display": "0", "missing_lines": 3, "excluded_lines": 0, "percent_statements_covered": 0.0, "percent_statements_covered_display": "0"}, "missing_lines": [98, 99, 100], "excluded_lines": [], "start_line": 84}, "get_current_user_sync": {"executed_lines": [123, 124, 126, 127, 128, 129, 135, 136, 138, 141], "summary": {"covered_lines": 10, "num_statements": 14, "percent_covered": 71.42857142857143, "percent_covered_display": "71", "missing_lines": 4, "excluded_lines": 0, "percent_statements_covered": 71.42857142857143, "percent_statements_covered_display": "71"}, "missing_lines": [130, 131, 132, 139], "excluded_lines": [], "start_line": 107}, "": {"executed_lines": [2, 4, 5, 6, 7, 8, 9, 11, 12, 13, 14, 15, 17, 20, 26, 36, 84, 107], "summary": {"covered_lines": 18, "num_statements": 18, "percent_covered": 100.0, "percent_covered_display": "100", "missing_lines": 0, "excluded_lines": 0, "percent_statements_covered": 100.0, "percent_statements_covered_display": "100"}, "missing_lines": [], "excluded_lines": [], "start_line": 1}}, "classes": {"": {"executed_lines": [2, 4, 5, 6, 7, 8, 9, 11, 12, 13, 14, 15, 17, 20, 26, 36, 84, 107, 123, 124, 126, 127, 128, 129, 135, 136, 138, 141], "summary": {"covered_lines": 28, "num_statements": 53, "percent_covered": 52.83018867924528, "percent_covered_display": "53", "missing_lines": 25, "excluded_lines": 0, "percent_statements_covered": 52.83018867924528, "percent_statements_covered_display": "53"}, "missing_lines": [32, 33, 52, 58, 59, 60, 61, 62, 63, 64, 67, 69, 70, 72, 73, 75, 76, 81, 98, 99, 100, 130, 131, 132, 139], "excluded_lines": [], "start_line": 1}}}, "app/api/v1/__init__.py": {"executed_lines": [], "summary": {"covered_lines": 0, "num_statements": 0, "percent_covered": 100.0, "percent_covered_display": "100", "missing_lines": 0, "excluded_lines": 0, "percent_statements_covered": 100.0, "percent_statements_covered_display": "100"}, "missing_lines": [], "excluded_lines": [], "functions": {"": {"executed_lines": [], "summary": {"covered_lines": 0, "num_statements": 0, "percent_covered": 100.0, "percent_covered_display": "100", "missing_lines": 0, "excluded_lines": 0, "percent_statements_covered": 100.0, "percent_statements_covered_display": "100"}, "missing_lines": [], "excluded_lines": [], "start_line": 1}}, "classes": {"": {"executed_lines": [], "summary": {"covered_lines": 0, "num_statements": 0, "percent_covered": 100.0, "percent_covered_display": "100", "missing_lines": 0, "excluded_lines": 0, "percent_statements_covered": 100.0, "percent_statements_covered_display": "100"}, "missing_lines": [], "excluded_lines": [], "start_line": 1}}}, "app/api/v1/analysis.py": {"executed_lines": [2, 4, 5, 6, 7, 9, 12, 13, 38, 39, 68, 69], "summary": {"covered_lines": 12, "num_statements": 25, "percent_covered": 48.0, "percent_covered_display": "48", "missing_lines": 13, "excluded_lines": 0, "percent_statements_covered": 48.0, "percent_statements_covered_display": "48"}, "missing_lines": [26, 27, 29, 30, 35, 54, 55, 59, 60, 65, 78, 79, 80], "excluded_lines": [], "functions": {"get_analysis": {"executed_lines": [], "summary": {"covered_lines": 0, "num_statements": 5, "percent_covered": 0.0, "percent_covered_display": "0", "missing_lines": 5, "excluded_lines": 0, "percent_statements_covered": 0.0, "percent_statements_covered_display": "0"}, "missing_lines": [26, 27, 29, 30, 35], "excluded_lines": [], "start_line": 13}, "save_analysis": {"executed_lines": [], "summary": {"covered_lines": 0, "num_statements": 5, "percent_covered": 0.0, "percent_covered_display": "0", "missing_lines": 5, "excluded_lines": 0, "percent_statements_covered": 0.0, "percent_statements_covered_display": "0"}, "missing_lines": [54, 55, 59, 60, 65], "excluded_lines": [], "start_line": 39}, "get_analysis_summary": {"executed_lines": [], "summary": {"covered_lines": 0, "num_statements": 3, "percent_covered": 0.0, "percent_covered_display": "0", "missing_lines": 3, "excluded_lines": 0, "percent_statements_covered": 0.0, "percent_statements_covered_display": "0"}, "missing_lines": [78, 79, 80], "excluded_lines": [], "start_line": 69}, "": {"executed_lines": [2, 4, 5, 6, 7, 9, 12, 13, 38, 39, 68, 69], "summary": {"covered_lines": 12, "num_statements": 12, "percent_covered": 100.0, "percent_covered_display": "100", "missing_lines": 0, "excluded_lines": 0, "percent_statements_covered": 100.0, "percent_statements_covered_display": "100"}, "missing_lines": [], "excluded_lines": [], "start_line": 1}}, "classes": {"": {"executed_lines": [2, 4, 5, 6, 7, 9, 12, 13, 38, 39, 68, 69], "summary": {"covered_lines": 12, "num_statements": 25, "percent_covered": 48.0, "percent_covered_display": "48", "missing_lines": 13, "excluded_lines": 0, "percent_statements_covered": 48.0, "percent_statements_covered_display": "48"}, "missing_lines": [26, 27, 29, 30, 35, 54, 55, 59, 60, 65, 78, 79, 80], "excluded_lines": [], "start_line": 1}}}, "app/api/v1/appeals.py": {"executed_lines": [2, 4, 6, 7, 8, 14, 17, 18, 34, 35, 37, 38, 43, 46, 47, 65, 66, 70, 76, 79, 80, 91, 93, 94], "summary": {"covered_lines": 24, "num_statements": 25, "percent_covered": 96.0, "percent_covered_display": "96", "missing_lines": 1, "excluded_lines": 0, "percent_statements_covered": 96.0, "percent_statements_covered_display": "96"}, "missing_lines": [71], "excluded_lines": [], "functions": {"get_appeals_analysis": {"executed_lines": [34, 35, 37, 38, 43], "summary": {"covered_lines": 5, "num_statements": 5, "percent_covered": 100.0, "percent_covered_display": "100", "missing_lines": 0, "excluded_lines": 0, "percent_statements_covered": 100.0, "percent_statements_covered_display": "100"}, "missing_lines": [], "excluded_lines": [], "start_line": 18}, "save_appeals_analysis": {"executed_lines": [65, 66, 70, 76], "summary": {"covered_lines": 4, "num_statements": 5, "percent_covered": 80.0, "percent_covered_display": "80", "missing_lines": 1, "excluded_lines": 0, "percent_statements_covered": 80.0, "percent_statements_covered_display": "80"}, "missing_lines": [71], "excluded_lines": [], "start_line": 47}, "get_appeals_summary": {"executed_lines": [91, 93, 94], "summary": {"covered_lines": 3, "num_statements": 3, "percent_covered": 100.0, "percent_covered_display": "100", "missing_lines": 0, "excluded_lines": 0, "percent_statements_covered": 100.0, "percent_statements_covered_display": "100"}, "missing_lines": [], "excluded_lines": [], "start_line": 80}, "": {"executed_lines": [2, 4, 6, 7, 8, 14, 17, 18, 46, 47, 79, 80], "summary": {"covered_lines": 12, "num_statements": 12, "percent_covered": 100.0, "percent_covered_display": "100", "missing_lines": 0, "excluded_lines": 0, "percent_statements_covered": 100.0, "percent_statements_covered_display": "100"}, "missing_lines": [], "excluded_lines": [], "start_line": 1}}, "classes": {"": {"executed_lines": [2, 4, 6, 7, 8, 14, 17, 18, 34, 35, 37, 38, 43, 46, 47, 65, 66, 70, 76, 79, 80, 91, 93, 94], "summary": {"covered_lines": 24, "num_statements": 25, "percent_covered": 96.0, "percent_covered_display": "96", "missing_lines": 1, "excluded_lines": 0, "percent_statements_covered": 96.0, "percent_statements_covered_display": "96"}, "missing_lines": [71], "excluded_lines": [], "start_line": 1}}}, "app/api/v1/attachments.py": {"executed_lines": [2, 4, 5, 6, 8, 9, 10, 16, 19, 28, 29, 73, 74, 99, 100, 123, 124, 152, 153], "summary": {"covered_lines": 19, "num_statements": 46, "percent_covered": 41.30434782608695, "percent_covered_display": "41", "missing_lines": 27, "excluded_lines": 0, "percent_statements_covered": 41.30434782608695, "percent_statements_covered_display": "41"}, "missing_lines": [21, 46, 49, 50, 51, 53, 54, 64, 65, 66, 86, 91, 93, 112, 113, 114, 116, 136, 137, 139, 144, 145, 165, 166, 167, 168, 169], "excluded_lines": [], "functions": {"get_attachment_service": {"executed_lines": [], "summary": {"covered_lines": 0, "num_statements": 1, "percent_covered": 0.0, "percent_covered_display": "0", "missing_lines": 1, "excluded_lines": 0, "percent_statements_covered": 0.0, "percent_statements_covered_display": "0"}, "missing_lines": [21], "excluded_lines": [], "start_line": 19}, "upload_requirement_attachment": {"executed_lines": [], "summary": {"covered_lines": 0, "num_statements": 9, "percent_covered": 0.0, "percent_covered_display": "0", "missing_lines": 9, "excluded_lines": 0, "percent_statements_covered": 0.0, "percent_statements_covered_display": "0"}, "missing_lines": [46, 49, 50, 51, 53, 54, 64, 65, 66], "excluded_lines": [], "start_line": 29}, "get_requirement_attachments": {"executed_lines": [], "summary": {"covered_lines": 0, "num_statements": 3, "percent_covered": 0.0, "percent_covered_display": "0", "missing_lines": 3, "excluded_lines": 0, "percent_statements_covered": 0.0, "percent_statements_covered_display": "0"}, "missing_lines": [86, 91, 93], "excluded_lines": [], "start_line": 74}, "get_attachment": {"executed_lines": [], "summary": {"covered_lines": 0, "num_statements": 4, "percent_covered": 0.0, "percent_covered_display": "0", "missing_lines": 4, "excluded_lines": 0, "percent_statements_covered": 0.0, "percent_statements_covered_display": "0"}, "missing_lines": [112, 113, 114, 116], "excluded_lines": [], "start_line": 100}, "download_attachment": {"executed_lines": [], "summary": {"covered_lines": 0, "num_statements": 5, "percent_covered": 0.0, "percent_covered_display": "0", "missing_lines": 5, "excluded_lines": 0, "percent_statements_covered": 0.0, "percent_statements_covered_display": "0"}, "missing_lines": [136, 137, 139, 144, 145], "excluded_lines": [], "start_line": 124}, "delete_attachment": {"executed_lines": [], "summary": {"covered_lines": 0, "num_statements": 5, "percent_covered": 0.0, "percent_covered_display": "0", "missing_lines": 5, "excluded_lines": 0, "percent_statements_covered": 0.0, "percent_statements_covered_display": "0"}, "missing_lines": [165, 166, 167, 168, 169], "excluded_lines": [], "start_line": 153}, "": {"executed_lines": [2, 4, 5, 6, 8, 9, 10, 16, 19, 28, 29, 73, 74, 99, 100, 123, 124, 152, 153], "summary": {"covered_lines": 19, "num_statements": 19, "percent_covered": 100.0, "percent_covered_display": "100", "missing_lines": 0, "excluded_lines": 0, "percent_statements_covered": 100.0, "percent_statements_covered_display": "100"}, "missing_lines": [], "excluded_lines": [], "start_line": 1}}, "classes": {"": {"executed_lines": [2, 4, 5, 6, 8, 9, 10, 16, 19, 28, 29, 73, 74, 99, 100, 123, 124, 152, 153], "summary": {"covered_lines": 19, "num_statements": 46, "percent_covered": 41.30434782608695, "percent_covered_display": "41", "missing_lines": 27, "excluded_lines": 0, "percent_statements_covered": 41.30434782608695, "percent_statements_covered_display": "41"}, "missing_lines": [21, 46, 49, 50, 51, 53, 54, 64, 65, 66, 86, 91, 93, 112, 113, 114, 116, 136, 137, 139, 144, 145, 165, 166, 167, 168, 169], "excluded_lines": [], "start_line": 1}}}, "app/api/v1/auth.py": {"executed_lines": [2, 3, 4, 6, 7, 9, 12, 13, 14, 17, 18, 19, 20, 23, 24, 31, 34, 38, 39, 46, 48, 65, 66, 68], "summary": {"covered_lines": 24, "num_statements": 24, "percent_covered": 100.0, "percent_covered_display": "100", "missing_lines": 0, "excluded_lines": 0, "percent_statements_covered": 100.0, "percent_statements_covered_display": "100"}, "missing_lines": [], "excluded_lines": [], "functions": {"login": {"executed_lines": [31, 34, 38, 39, 46, 48], "summary": {"covered_lines": 6, "num_statements": 6, "percent_covered": 100.0, "percent_covered_display": "100", "missing_lines": 0, "excluded_lines": 0, "percent_statements_covered": 100.0, "percent_statements_covered_display": "100"}, "missing_lines": [], "excluded_lines": [], "start_line": 24}, "get_current_user": {"executed_lines": [68], "summary": {"covered_lines": 1, "num_statements": 1, "percent_covered": 100.0, "percent_covered_display": "100", "missing_lines": 0, "excluded_lines": 0, "percent_statements_covered": 100.0, "percent_statements_covered_display": "100"}, "missing_lines": [], "excluded_lines": [], "start_line": 66}, "": {"executed_lines": [2, 3, 4, 6, 7, 9, 12, 13, 14, 17, 18, 19, 20, 23, 24, 65, 66], "summary": {"covered_lines": 17, "num_statements": 17, "percent_covered": 100.0, "percent_covered_display": "100", "missing_lines": 0, "excluded_lines": 0, "percent_statements_covered": 100.0, "percent_statements_covered_display": "100"}, "missing_lines": [], "excluded_lines": [], "start_line": 1}}, "classes": {"LoginRequest": {"executed_lines": [], "summary": {"covered_lines": 0, "num_statements": 0, "percent_covered": 100.0, "percent_covered_display": "100", "missing_lines": 0, "excluded_lines": 0, "percent_statements_covered": 100.0, "percent_statements_covered_display": "100"}, "missing_lines": [], "excluded_lines": [], "start_line": 12}, "LoginResponse": {"executed_lines": [], "summary": {"covered_lines": 0, "num_statements": 0, "percent_covered": 100.0, "percent_covered_display": "100", "missing_lines": 0, "excluded_lines": 0, "percent_statements_covered": 100.0, "percent_statements_covered_display": "100"}, "missing_lines": [], "excluded_lines": [], "start_line": 17}, "": {"executed_lines": [2, 3, 4, 6, 7, 9, 12, 13, 14, 17, 18, 19, 20, 23, 24, 31, 34, 38, 39, 46, 48, 65, 66, 68], "summary": {"covered_lines": 24, "num_statements": 24, "percent_covered": 100.0, "percent_covered_display": "100", "missing_lines": 0, "excluded_lines": 0, "percent_statements_covered": 100.0, "percent_statements_covered_display": "100"}, "missing_lines": [], "excluded_lines": [], "start_line": 1}}}, "app/api/v1/distribution.py": {"executed_lines": [2, 4, 5, 6, 8, 11, 12], "summary": {"covered_lines": 7, "num_statements": 27, "percent_covered": 25.925925925925927, "percent_covered_display": "26", "missing_lines": 20, "excluded_lines": 0, "percent_statements_covered": 25.925925925925927, "percent_statements_covered_display": "26"}, "missing_lines": [26, 29, 32, 33, 34, 35, 38, 39, 40, 41, 42, 44, 45, 46, 47, 50, 53, 60, 61, 63], "excluded_lines": [], "functions": {"get_next_target_id": {"executed_lines": [], "summary": {"covered_lines": 0, "num_statements": 20, "percent_covered": 0.0, "percent_covered_display": "0", "missing_lines": 20, "excluded_lines": 0, "percent_statements_covered": 0.0, "percent_statements_covered_display": "0"}, "missing_lines": [26, 29, 32, 33, 34, 35, 38, 39, 40, 41, 42, 44, 45, 46, 47, 50, 53, 60, 61, 63], "excluded_lines": [], "start_line": 12}, "": {"executed_lines": [2, 4, 5, 6, 8, 11, 12], "summary": {"covered_lines": 7, "num_statements": 7, "percent_covered": 100.0, "percent_covered_display": "100", "missing_lines": 0, "excluded_lines": 0, "percent_statements_covered": 100.0, "percent_statements_covered_display": "100"}, "missing_lines": [], "excluded_lines": [], "start_line": 1}}, "classes": {"": {"executed_lines": [2, 4, 5, 6, 8, 11, 12], "summary": {"covered_lines": 7, "num_statements": 27, "percent_covered": 25.925925925925927, "percent_covered_display": "26", "missing_lines": 20, "excluded_lines": 0, "percent_statements_covered": 25.925925925925927, "percent_statements_covered_display": "26"}, "missing_lines": [26, 29, 32, 33, 34, 35, 38, 39, 40, 41, 42, 44, 45, 46, 47, 50, 53, 60, 61, 63], "excluded_lines": [], "start_line": 1}}}, "app/api/v1/import_export.py": {"executed_lines": [2, 4, 5, 12, 13, 14, 15, 16, 17, 18, 20, 23, 24, 64, 65, 85, 86, 104, 105, 133, 134, 154, 155, 173, 174], "summary": {"covered_lines": 25, "num_statements": 74, "percent_covered": 33.78378378378378, "percent_covered_display": "34", "missing_lines": 49, "excluded_lines": 0, "percent_statements_covered": 33.78378378378378, "percent_statements_covered_display": "34"}, "missing_lines": [31, 32, 35, 36, 37, 39, 40, 41, 44, 59, 61, 72, 73, 76, 77, 79, 80, 81, 82, 92, 93, 95, 96, 101, 111, 112, 115, 128, 130, 141, 142, 145, 146, 148, 149, 150, 151, 161, 162, 164, 165, 170, 180, 181, 183, 184, 189, 190, 196], "excluded_lines": [], "functions": {"import_excel": {"executed_lines": [], "summary": {"covered_lines": 0, "num_statements": 11, "percent_covered": 0.0, "percent_covered_display": "0", "missing_lines": 11, "excluded_lines": 0, "percent_statements_covered": 0.0, "percent_statements_covered_display": "0"}, "missing_lines": [31, 32, 35, 36, 37, 39, 40, 41, 44, 59, 61], "excluded_lines": [], "start_line": 24}, "get_import_jobs": {"executed_lines": [], "summary": {"covered_lines": 0, "num_statements": 8, "percent_covered": 0.0, "percent_covered_display": "0", "missing_lines": 8, "excluded_lines": 0, "percent_statements_covered": 0.0, "percent_statements_covered_display": "0"}, "missing_lines": [72, 73, 76, 77, 79, 80, 81, 82], "excluded_lines": [], "start_line": 65}, "get_import_job": {"executed_lines": [], "summary": {"covered_lines": 0, "num_statements": 5, "percent_covered": 0.0, "percent_covered_display": "0", "missing_lines": 5, "excluded_lines": 0, "percent_statements_covered": 0.0, "percent_statements_covered_display": "0"}, "missing_lines": [92, 93, 95, 96, 101], "excluded_lines": [], "start_line": 86}, "export_data": {"executed_lines": [], "summary": {"covered_lines": 0, "num_statements": 5, "percent_covered": 0.0, "percent_covered_display": "0", "missing_lines": 5, "excluded_lines": 0, "percent_statements_covered": 0.0, "percent_statements_covered_display": "0"}, "missing_lines": [111, 112, 115, 128, 130], "excluded_lines": [], "start_line": 105}, "get_export_jobs": {"executed_lines": [], "summary": {"covered_lines": 0, "num_statements": 8, "percent_covered": 0.0, "percent_covered_display": "0", "missing_lines": 8, "excluded_lines": 0, "percent_statements_covered": 0.0, "percent_statements_covered_display": "0"}, "missing_lines": [141, 142, 145, 146, 148, 149, 150, 151], "excluded_lines": [], "start_line": 134}, "get_export_job": {"executed_lines": [], "summary": {"covered_lines": 0, "num_statements": 5, "percent_covered": 0.0, "percent_covered_display": "0", "missing_lines": 5, "excluded_lines": 0, "percent_statements_covered": 0.0, "percent_statements_covered_display": "0"}, "missing_lines": [161, 162, 164, 165, 170], "excluded_lines": [], "start_line": 155}, "download_export": {"executed_lines": [], "summary": {"covered_lines": 0, "num_statements": 7, "percent_covered": 0.0, "percent_covered_display": "0", "missing_lines": 7, "excluded_lines": 0, "percent_statements_covered": 0.0, "percent_statements_covered_display": "0"}, "missing_lines": [180, 181, 183, 184, 189, 190, 196], "excluded_lines": [], "start_line": 174}, "": {"executed_lines": [2, 4, 5, 12, 13, 14, 15, 16, 17, 18, 20, 23, 24, 64, 65, 85, 86, 104, 105, 133, 134, 154, 155, 173, 174], "summary": {"covered_lines": 25, "num_statements": 25, "percent_covered": 100.0, "percent_covered_display": "100", "missing_lines": 0, "excluded_lines": 0, "percent_statements_covered": 100.0, "percent_statements_covered_display": "100"}, "missing_lines": [], "excluded_lines": [], "start_line": 1}}, "classes": {"": {"executed_lines": [2, 4, 5, 12, 13, 14, 15, 16, 17, 18, 20, 23, 24, 64, 65, 85, 86, 104, 105, 133, 134, 154, 155, 173, 174], "summary": {"covered_lines": 25, "num_statements": 74, "percent_covered": 33.78378378378378, "percent_covered_display": "34", "missing_lines": 49, "excluded_lines": 0, "percent_statements_covered": 33.78378378378378, "percent_statements_covered_display": "34"}, "missing_lines": [31, 32, 35, 36, 37, 39, 40, 41, 44, 59, 61, 72, 73, 76, 77, 79, 80, 81, 82, 92, 93, 95, 96, 101, 111, 112, 115, 128, 130, 141, 142, 145, 146, 148, 149, 150, 151, 161, 162, 164, 165, 170, 180, 181, 183, 184, 189, 190, 196], "excluded_lines": [], "start_line": 1}}}, "app/api/v1/notifications.py": {"executed_lines": [2, 4, 6, 10, 11, 12, 14, 17, 18, 45, 46, 59, 60, 77, 78], "summary": {"covered_lines": 15, "num_statements": 25, "percent_covered": 60.0, "percent_covered_display": "60", "missing_lines": 10, "excluded_lines": 0, "percent_statements_covered": 60.0, "percent_statements_covered_display": "60"}, "missing_lines": [35, 36, 42, 55, 56, 73, 74, 87, 88, 89], "excluded_lines": [], "functions": {"get_notifications": {"executed_lines": [], "summary": {"covered_lines": 0, "num_statements": 3, "percent_covered": 0.0, "percent_covered_display": "0", "missing_lines": 3, "excluded_lines": 0, "percent_statements_covered": 0.0, "percent_statements_covered_display": "0"}, "missing_lines": [35, 36, 42], "excluded_lines": [], "start_line": 18}, "get_unread_count": {"executed_lines": [], "summary": {"covered_lines": 0, "num_statements": 2, "percent_covered": 0.0, "percent_covered_display": "0", "missing_lines": 2, "excluded_lines": 0, "percent_statements_covered": 0.0, "percent_statements_covered_display": "0"}, "missing_lines": [55, 56], "excluded_lines": [], "start_line": 46}, "mark_notification_read": {"executed_lines": [], "summary": {"covered_lines": 0, "num_statements": 2, "percent_covered": 0.0, "percent_covered_display": "0", "missing_lines": 2, "excluded_lines": 0, "percent_statements_covered": 0.0, "percent_statements_covered_display": "0"}, "missing_lines": [73, 74], "excluded_lines": [], "start_line": 60}, "mark_all_read": {"executed_lines": [], "summary": {"covered_lines": 0, "num_statements": 3, "percent_covered": 0.0, "percent_covered_display": "0", "missing_lines": 3, "excluded_lines": 0, "percent_statements_covered": 0.0, "percent_statements_covered_display": "0"}, "missing_lines": [87, 88, 89], "excluded_lines": [], "start_line": 78}, "": {"executed_lines": [2, 4, 6, 10, 11, 12, 14, 17, 18, 45, 46, 59, 60, 77, 78], "summary": {"covered_lines": 15, "num_statements": 15, "percent_covered": 100.0, "percent_covered_display": "100", "missing_lines": 0, "excluded_lines": 0, "percent_statements_covered": 100.0, "percent_statements_covered_display": "100"}, "missing_lines": [], "excluded_lines": [], "start_line": 1}}, "classes": {"": {"executed_lines": [2, 4, 6, 10, 11, 12, 14, 17, 18, 45, 46, 59, 60, 77, 78], "summary": {"covered_lines": 15, "num_statements": 25, "percent_covered": 60.0, "percent_covered_display": "60", "missing_lines": 10, "excluded_lines": 0, "percent_statements_covered": 60.0, "percent_statements_covered_display": "60"}, "missing_lines": [35, 36, 42, 55, 56, 73, 74, 87, 88, 89], "excluded_lines": [], "start_line": 1}}}, "app/api/v1/requirements.py": {"executed_lines": [2, 4, 5, 7, 8, 9, 10, 11, 25, 31, 34, 36, 43, 44, 65, 75, 78, 80, 91, 92, 107, 108, 110, 117, 118, 127, 129, 130, 132, 133, 139, 140, 151, 153, 154, 156, 157, 164, 165, 174, 176, 177, 179, 189, 190, 202, 203, 205, 208, 209, 220, 221, 229, 230, 237, 238, 262, 263, 286, 287], "summary": {"covered_lines": 60, "num_statements": 77, "percent_covered": 77.92207792207792, "percent_covered_display": "78", "missing_lines": 17, "excluded_lines": 0, "percent_statements_covered": 77.92207792207792, "percent_statements_covered_display": "78"}, "missing_lines": [206, 247, 249, 250, 252, 276, 277, 278, 280, 281, 283, 302, 303, 304, 306, 307, 314], "excluded_lines": [], "functions": {"get_requirement_service": {"executed_lines": [36], "summary": {"covered_lines": 1, "num_statements": 1, "percent_covered": 100.0, "percent_covered_display": "100", "missing_lines": 0, "excluded_lines": 0, "percent_statements_covered": 100.0, "percent_statements_covered_display": "100"}, "missing_lines": [], "excluded_lines": [], "start_line": 34}, "list_requirements": {"executed_lines": [65, 75, 78, 80], "summary": {"covered_lines": 4, "num_statements": 4, "percent_covered": 100.0, "percent_covered_display": "100", "missing_lines": 0, "excluded_lines": 0, "percent_statements_covered": 100.0, "percent_statements_covered_display": "100"}, "missing_lines": [], "excluded_lines": [], "start_line": 44}, "create_requirement": {"executed_lines": [107, 108, 110], "summary": {"covered_lines": 3, "num_statements": 3, "percent_covered": 100.0, "percent_covered_display": "100", "missing_lines": 0, "excluded_lines": 0, "percent_statements_covered": 100.0, "percent_statements_covered_display": "100"}, "missing_lines": [], "excluded_lines": [], "start_line": 92}, "get_requirement": {"executed_lines": [127, 129, 130, 132, 133], "summary": {"covered_lines": 5, "num_statements": 5, "percent_covered": 100.0, "percent_covered_display": "100", "missing_lines": 0, "excluded_lines": 0, "percent_statements_covered": 100.0, "percent_statements_covered_display": "100"}, "missing_lines": [], "excluded_lines": [], "start_line": 118}, "update_requirement": {"executed_lines": [151, 153, 154, 156, 157], "summary": {"covered_lines": 5, "num_statements": 5, "percent_covered": 100.0, "percent_covered_display": "100", "missing_lines": 0, "excluded_lines": 0, "percent_statements_covered": 100.0, "percent_statements_covered_display": "100"}, "missing_lines": [], "excluded_lines": [], "start_line": 140}, "delete_requirement": {"executed_lines": [174, 176, 177, 179], "summary": {"covered_lines": 4, "num_statements": 4, "percent_covered": 100.0, "percent_covered_display": "100", "missing_lines": 0, "excluded_lines": 0, "percent_statements_covered": 100.0, "percent_statements_covered_display": "100"}, "missing_lines": [], "excluded_lines": [], "start_line": 165}, "update_requirement_status": {"executed_lines": [202, 203, 205, 208, 209], "summary": {"covered_lines": 5, "num_statements": 6, "percent_covered": 83.33333333333333, "percent_covered_display": "83", "missing_lines": 1, "excluded_lines": 0, "percent_statements_covered": 83.33333333333333, "percent_statements_covered_display": "83"}, "missing_lines": [206], "excluded_lines": [], "start_line": 190}, "get_requirement_stats": {"executed_lines": [229, 230], "summary": {"covered_lines": 2, "num_statements": 2, "percent_covered": 100.0, "percent_covered_display": "100", "missing_lines": 0, "excluded_lines": 0, "percent_statements_covered": 100.0, "percent_statements_covered_display": "100"}, "missing_lines": [], "excluded_lines": [], "start_line": 221}, "get_requirement_10q": {"executed_lines": [], "summary": {"covered_lines": 0, "num_statements": 4, "percent_covered": 0.0, "percent_covered_display": "0", "missing_lines": 4, "excluded_lines": 0, "percent_statements_covered": 0.0, "percent_statements_covered_display": "0"}, "missing_lines": [247, 249, 250, 252], "excluded_lines": [], "start_line": 238}, "get_requirement_history": {"executed_lines": [], "summary": {"covered_lines": 0, "num_statements": 6, "percent_covered": 0.0, "percent_covered_display": "0", "missing_lines": 6, "excluded_lines": 0, "percent_statements_covered": 0.0, "percent_statements_covered_display": "0"}, "missing_lines": [276, 277, 278, 280, 281, 283], "excluded_lines": [], "start_line": 263}, "add_requirement_history_note": {"executed_lines": [], "summary": {"covered_lines": 0, "num_statements": 6, "percent_covered": 0.0, "percent_covered_display": "0", "missing_lines": 6, "excluded_lines": 0, "percent_statements_covered": 0.0, "percent_statements_covered_display": "0"}, "missing_lines": [302, 303, 304, 306, 307, 314], "excluded_lines": [], "start_line": 287}, "": {"executed_lines": [2, 4, 5, 7, 8, 9, 10, 11, 25, 31, 34, 43, 44, 91, 92, 117, 118, 139, 140, 164, 165, 189, 190, 220, 221, 237, 238, 262, 263, 286, 287], "summary": {"covered_lines": 31, "num_statements": 31, "percent_covered": 100.0, "percent_covered_display": "100", "missing_lines": 0, "excluded_lines": 0, "percent_statements_covered": 100.0, "percent_statements_covered_display": "100"}, "missing_lines": [], "excluded_lines": [], "start_line": 1}}, "classes": {"": {"executed_lines": [2, 4, 5, 7, 8, 9, 10, 11, 25, 31, 34, 36, 43, 44, 65, 75, 78, 80, 91, 92, 107, 108, 110, 117, 118, 127, 129, 130, 132, 133, 139, 140, 151, 153, 154, 156, 157, 164, 165, 174, 176, 177, 179, 189, 190, 202, 203, 205, 208, 209, 220, 221, 229, 230, 237, 238, 262, 263, 286, 287], "summary": {"covered_lines": 60, "num_statements": 77, "percent_covered": 77.92207792207792, "percent_covered_display": "78", "missing_lines": 17, "excluded_lines": 0, "percent_statements_covered": 77.92207792207792, "percent_statements_covered_display": "78"}, "missing_lines": [206, 247, 249, 250, 252, 276, 277, 278, 280, 281, 283, 302, 303, 304, 306, 307, 314], "excluded_lines": [], "start_line": 1}}}, "app/api/v1/rtm.py": {"executed_lines": [2, 3, 4, 5, 7, 8, 9, 10, 16, 19, 22, 24, 26, 27, 30, 31, 36, 37, 42, 45, 46, 52, 53, 59, 62, 63, 69, 70, 72, 73, 78, 79, 81, 84, 85, 92, 93, 95, 102, 103, 105, 108, 109, 115, 116, 118, 124, 125, 127, 130, 131, 137, 139, 141, 143, 152, 158, 159, 164, 165, 166], "summary": {"covered_lines": 61, "num_statements": 61, "percent_covered": 100.0, "percent_covered_display": "100", "missing_lines": 0, "excluded_lines": 0, "percent_statements_covered": 100.0, "percent_statements_covered_display": "100"}, "missing_lines": [], "excluded_lines": [], "functions": {"get_tenant_id": {"executed_lines": [24, 26, 27], "summary": {"covered_lines": 3, "num_statements": 3, "percent_covered": 100.0, "percent_covered_display": "100", "missing_lines": 0, "excluded_lines": 0, "percent_statements_covered": 100.0, "percent_statements_covered_display": "100"}, "missing_lines": [], "excluded_lines": [], "start_line": 22}, "get_traceability_matrix": {"executed_lines": [36, 37, 42], "summary": {"covered_lines": 3, "num_statements": 3, "percent_covered": 100.0, "percent_covered_display": "100", "missing_lines": 0, "excluded_lines": 0, "percent_statements_covered": 100.0, "percent_statements_covered_display": "100"}, "missing_lines": [], "excluded_lines": [], "start_line": 31}, "get_requirement_traceability": {"executed_lines": [52, 53, 59], "summary": {"covered_lines": 3, "num_statements": 3, "percent_covered": 100.0, "percent_covered_display": "100", "missing_lines": 0, "excluded_lines": 0, "percent_statements_covered": 100.0, "percent_statements_covered_display": "100"}, "missing_lines": [], "excluded_lines": [], "start_line": 46}, "create_link": {"executed_lines": [69, 70, 72, 73, 78, 79, 81], "summary": {"covered_lines": 7, "num_statements": 7, "percent_covered": 100.0, "percent_covered_display": "100", "missing_lines": 0, "excluded_lines": 0, "percent_statements_covered": 100.0, "percent_statements_covered_display": "100"}, "missing_lines": [], "excluded_lines": [], "start_line": 63}, "update_link": {"executed_lines": [92, 93, 95, 102, 103, 105], "summary": {"covered_lines": 6, "num_statements": 6, "percent_covered": 100.0, "percent_covered_display": "100", "missing_lines": 0, "excluded_lines": 0, "percent_statements_covered": 100.0, "percent_statements_covered_display": "100"}, "missing_lines": [], "excluded_lines": [], "start_line": 85}, "delete_link": {"executed_lines": [115, 116, 118, 124, 125, 127], "summary": {"covered_lines": 6, "num_statements": 6, "percent_covered": 100.0, "percent_covered_display": "100", "missing_lines": 0, "excluded_lines": 0, "percent_statements_covered": 100.0, "percent_statements_covered_display": "100"}, "missing_lines": [], "excluded_lines": [], "start_line": 109}, "export_matrix": {"executed_lines": [137, 139, 141, 143, 152], "summary": {"covered_lines": 5, "num_statements": 5, "percent_covered": 100.0, "percent_covered_display": "100", "missing_lines": 0, "excluded_lines": 0, "percent_statements_covered": 100.0, "percent_statements_covered_display": "100"}, "missing_lines": [], "excluded_lines": [], "start_line": 131}, "get_rtm_statistics": {"executed_lines": [164, 165, 166], "summary": {"covered_lines": 3, "num_statements": 3, "percent_covered": 100.0, "percent_covered_display": "100", "missing_lines": 0, "excluded_lines": 0, "percent_statements_covered": 100.0, "percent_statements_covered_display": "100"}, "missing_lines": [], "excluded_lines": [], "start_line": 159}, "": {"executed_lines": [2, 3, 4, 5, 7, 8, 9, 10, 16, 19, 22, 30, 31, 45, 46, 62, 63, 84, 85, 108, 109, 130, 131, 158, 159], "summary": {"covered_lines": 25, "num_statements": 25, "percent_covered": 100.0, "percent_covered_display": "100", "missing_lines": 0, "excluded_lines": 0, "percent_statements_covered": 100.0, "percent_statements_covered_display": "100"}, "missing_lines": [], "excluded_lines": [], "start_line": 1}}, "classes": {"": {"executed_lines": [2, 3, 4, 5, 7, 8, 9, 10, 16, 19, 22, 24, 26, 27, 30, 31, 36, 37, 42, 45, 46, 52, 53, 59, 62, 63, 69, 70, 72, 73, 78, 79, 81, 84, 85, 92, 93, 95, 102, 103, 105, 108, 109, 115, 116, 118, 124, 125, 127, 130, 131, 137, 139, 141, 143, 152, 158, 159, 164, 165, 166], "summary": {"covered_lines": 61, "num_statements": 61, "percent_covered": 100.0, "percent_covered_display": "100", "missing_lines": 0, "excluded_lines": 0, "percent_statements_covered": 100.0, "percent_statements_covered_display": "100"}, "missing_lines": [], "excluded_lines": [], "start_line": 1}}}, "app/api/v1/tenant.py": {"executed_lines": [2, 4, 6, 7, 8, 9, 10, 12, 15, 16, 27, 28, 38, 39, 55, 56, 68, 69, 95, 96], "summary": {"covered_lines": 20, "num_statements": 47, "percent_covered": 42.5531914893617, "percent_covered_display": "43", "missing_lines": 27, "excluded_lines": 0, "percent_statements_covered": 42.5531914893617, "percent_statements_covered_display": "43"}, "missing_lines": [22, 23, 24, 33, 34, 35, 45, 46, 47, 48, 52, 63, 64, 65, 77, 79, 80, 81, 86, 87, 88, 89, 103, 105, 106, 107, 112], "excluded_lines": [], "functions": {"get_tenants": {"executed_lines": [], "summary": {"covered_lines": 0, "num_statements": 3, "percent_covered": 0.0, "percent_covered_display": "0", "missing_lines": 3, "excluded_lines": 0, "percent_statements_covered": 0.0, "percent_statements_covered_display": "0"}, "missing_lines": [22, 23, 24], "excluded_lines": [], "start_line": 16}, "get_active_tenants": {"executed_lines": [], "summary": {"covered_lines": 0, "num_statements": 3, "percent_covered": 0.0, "percent_covered_display": "0", "missing_lines": 3, "excluded_lines": 0, "percent_statements_covered": 0.0, "percent_statements_covered_display": "0"}, "missing_lines": [33, 34, 35], "excluded_lines": [], "start_line": 28}, "get_tenant": {"executed_lines": [], "summary": {"covered_lines": 0, "num_statements": 5, "percent_covered": 0.0, "percent_covered_display": "0", "missing_lines": 5, "excluded_lines": 0, "percent_statements_covered": 0.0, "percent_statements_covered_display": "0"}, "missing_lines": [45, 46, 47, 48, 52], "excluded_lines": [], "start_line": 39}, "create_tenant": {"executed_lines": [], "summary": {"covered_lines": 0, "num_statements": 3, "percent_covered": 0.0, "percent_covered_display": "0", "missing_lines": 3, "excluded_lines": 0, "percent_statements_covered": 0.0, "percent_statements_covered_display": "0"}, "missing_lines": [63, 64, 65], "excluded_lines": [], "start_line": 56}, "update_tenant": {"executed_lines": [], "summary": {"covered_lines": 0, "num_statements": 8, "percent_covered": 0.0, "percent_covered_display": "0", "missing_lines": 8, "excluded_lines": 0, "percent_statements_covered": 0.0, "percent_statements_covered_display": "0"}, "missing_lines": [77, 79, 80, 81, 86, 87, 88, 89], "excluded_lines": [], "start_line": 69}, "delete_tenant": {"executed_lines": [], "summary": {"covered_lines": 0, "num_statements": 5, "percent_covered": 0.0, "percent_covered_display": "0", "missing_lines": 5, "excluded_lines": 0, "percent_statements_covered": 0.0, "percent_statements_covered_display": "0"}, "missing_lines": [103, 105, 106, 107, 112], "excluded_lines": [], "start_line": 96}, "": {"executed_lines": [2, 4, 6, 7, 8, 9, 10, 12, 15, 16, 27, 28, 38, 39, 55, 56, 68, 69, 95, 96], "summary": {"covered_lines": 20, "num_statements": 20, "percent_covered": 100.0, "percent_covered_display": "100", "missing_lines": 0, "excluded_lines": 0, "percent_statements_covered": 100.0, "percent_statements_covered_display": "100"}, "missing_lines": [], "excluded_lines": [], "start_line": 1}}, "classes": {"": {"executed_lines": [2, 4, 6, 7, 8, 9, 10, 12, 15, 16, 27, 28, 38, 39, 55, 56, 68, 69, 95, 96], "summary": {"covered_lines": 20, "num_statements": 47, "percent_covered": 42.5531914893617, "percent_covered_display": "43", "missing_lines": 27, "excluded_lines": 0, "percent_statements_covered": 42.5531914893617, "percent_statements_covered_display": "43"}, "missing_lines": [22, 23, 24, 33, 34, 35, 45, 46, 47, 48, 52, 63, 64, 65, 77, 79, 80, 81, 86, 87, 88, 89, 103, 105, 106, 107, 112], "excluded_lines": [], "start_line": 1}}}, "app/api/v1/verification.py": {"executed_lines": [2, 3, 5, 7, 14, 15, 16, 17, 18, 19, 22, 41, 44, 45, 64, 65, 91, 92, 121, 122, 155, 156], "summary": {"covered_lines": 22, "num_statements": 64, "percent_covered": 34.375, "percent_covered_display": "34", "missing_lines": 42, "excluded_lines": 0, "percent_statements_covered": 34.375, "percent_statements_covered_display": "34"}, "missing_lines": [24, 52, 53, 54, 56, 57, 59, 60, 61, 72, 73, 76, 78, 88, 100, 102, 103, 104, 110, 112, 113, 114, 115, 130, 132, 133, 134, 139, 147, 148, 149, 162, 163, 164, 166, 167, 169, 170, 171, 172, 173, 175], "excluded_lines": [], "functions": {"serialize_checklist": {"executed_lines": [], "summary": {"covered_lines": 0, "num_statements": 1, "percent_covered": 0.0, "percent_covered_display": "0", "missing_lines": 1, "excluded_lines": 0, "percent_statements_covered": 0.0, "percent_statements_covered_display": "0"}, "missing_lines": [24], "excluded_lines": [], "start_line": 22}, "get_verifications": {"executed_lines": [], "summary": {"covered_lines": 0, "num_statements": 8, "percent_covered": 0.0, "percent_covered_display": "0", "missing_lines": 8, "excluded_lines": 0, "percent_statements_covered": 0.0, "percent_statements_covered_display": "0"}, "missing_lines": [52, 53, 54, 56, 57, 59, 60, 61], "excluded_lines": [], "start_line": 45}, "create_checklist": {"executed_lines": [], "summary": {"covered_lines": 0, "num_statements": 5, "percent_covered": 0.0, "percent_covered_display": "0", "missing_lines": 5, "excluded_lines": 0, "percent_statements_covered": 0.0, "percent_statements_covered_display": "0"}, "missing_lines": [72, 73, 76, 78, 88], "excluded_lines": [], "start_line": 65}, "update_checklist": {"executed_lines": [], "summary": {"covered_lines": 0, "num_statements": 9, "percent_covered": 0.0, "percent_covered_display": "0", "missing_lines": 9, "excluded_lines": 0, "percent_statements_covered": 0.0, "percent_statements_covered_display": "0"}, "missing_lines": [100, 102, 103, 104, 110, 112, 113, 114, 115], "excluded_lines": [], "start_line": 92}, "submit_checklist": {"executed_lines": [], "summary": {"covered_lines": 0, "num_statements": 8, "percent_covered": 0.0, "percent_covered_display": "0", "missing_lines": 8, "excluded_lines": 0, "percent_statements_covered": 0.0, "percent_statements_covered_display": "0"}, "missing_lines": [130, 132, 133, 134, 139, 147, 148, 149], "excluded_lines": [], "start_line": 122}, "get_verification_summary": {"executed_lines": [], "summary": {"covered_lines": 0, "num_statements": 11, "percent_covered": 0.0, "percent_covered_display": "0", "missing_lines": 11, "excluded_lines": 0, "percent_statements_covered": 0.0, "percent_statements_covered_display": "0"}, "missing_lines": [162, 163, 164, 166, 167, 169, 170, 171, 172, 173, 175], "excluded_lines": [], "start_line": 156}, "": {"executed_lines": [2, 3, 5, 7, 14, 15, 16, 17, 18, 19, 22, 41, 44, 45, 64, 65, 91, 92, 121, 122, 155, 156], "summary": {"covered_lines": 22, "num_statements": 22, "percent_covered": 100.0, "percent_covered_display": "100", "missing_lines": 0, "excluded_lines": 0, "percent_statements_covered": 100.0, "percent_statements_covered_display": "100"}, "missing_lines": [], "excluded_lines": [], "start_line": 1}}, "classes": {"": {"executed_lines": [2, 3, 5, 7, 14, 15, 16, 17, 18, 19, 22, 41, 44, 45, 64, 65, 91, 92, 121, 122, 155, 156], "summary": {"covered_lines": 22, "num_statements": 64, "percent_covered": 34.375, "percent_covered_display": "34", "missing_lines": 42, "excluded_lines": 0, "percent_statements_covered": 34.375, "percent_statements_covered_display": "34"}, "missing_lines": [24, 52, 53, 54, 56, 57, 59, 60, 61, 72, 73, 76, 78, 88, 100, 102, 103, 104, 110, 112, 113, 114, 115, 130, 132, 133, 134, 139, 147, 148, 149, 162, 163, 164, 166, 167, 169, 170, 171, 172, 173, 175], "excluded_lines": [], "start_line": 1}}}, "app/config.py": {"executed_lines": [2, 3, 5, 8, 12, 13, 14, 17, 20, 21, 22, 25, 28, 31, 49, 50, 52, 53, 54, 57, 58, 60], "summary": {"covered_lines": 22, "num_statements": 22, "percent_covered": 100.0, "percent_covered_display": "100", "missing_lines": 0, "excluded_lines": 0, "percent_statements_covered": 100.0, "percent_statements_covered_display": "100"}, "missing_lines": [], "excluded_lines": [], "functions": {"get_settings": {"executed_lines": [60], "summary": {"covered_lines": 1, "num_statements": 1, "percent_covered": 100.0, "percent_covered_display": "100", "missing_lines": 0, "excluded_lines": 0, "percent_statements_covered": 100.0, "percent_statements_covered_display": "100"}, "missing_lines": [], "excluded_lines": [], "start_line": 58}, "": {"executed_lines": [2, 3, 5, 8, 12, 13, 14, 17, 20, 21, 22, 25, 28, 31, 49, 50, 52, 53, 54, 57, 58], "summary": {"covered_lines": 21, "num_statements": 21, "percent_covered": 100.0, "percent_covered_display": "100", "missing_lines": 0, "excluded_lines": 0, "percent_statements_covered": 100.0, "percent_statements_covered_display": "100"}, "missing_lines": [], "excluded_lines": [], "start_line": 1}}, "classes": {"Settings": {"executed_lines": [], "summary": {"covered_lines": 0, "num_statements": 0, "percent_covered": 100.0, "percent_covered_display": "100", "missing_lines": 0, "excluded_lines": 0, "percent_statements_covered": 100.0, "percent_statements_covered_display": "100"}, "missing_lines": [], "excluded_lines": [], "start_line": 8}, "Settings.Config": {"executed_lines": [], "summary": {"covered_lines": 0, "num_statements": 0, "percent_covered": 100.0, "percent_covered_display": "100", "missing_lines": 0, "excluded_lines": 0, "percent_statements_covered": 100.0, "percent_statements_covered_display": "100"}, "missing_lines": [], "excluded_lines": [], "start_line": 52}, "": {"executed_lines": [2, 3, 5, 8, 12, 13, 14, 17, 20, 21, 22, 25, 28, 31, 49, 50, 52, 53, 54, 57, 58, 60], "summary": {"covered_lines": 22, "num_statements": 22, "percent_covered": 100.0, "percent_covered_display": "100", "missing_lines": 0, "excluded_lines": 0, "percent_statements_covered": 100.0, "percent_statements_covered_display": "100"}, "missing_lines": [], "excluded_lines": [], "start_line": 1}}}, "app/core/__init__.py": {"executed_lines": [], "summary": {"covered_lines": 0, "num_statements": 0, "percent_covered": 100.0, "percent_covered_display": "100", "missing_lines": 0, "excluded_lines": 0, "percent_statements_covered": 100.0, "percent_statements_covered_display": "100"}, "missing_lines": [], "excluded_lines": [], "functions": {"": {"executed_lines": [], "summary": {"covered_lines": 0, "num_statements": 0, "percent_covered": 100.0, "percent_covered_display": "100", "missing_lines": 0, "excluded_lines": 0, "percent_statements_covered": 100.0, "percent_statements_covered_display": "100"}, "missing_lines": [], "excluded_lines": [], "start_line": 1}}, "classes": {"": {"executed_lines": [], "summary": {"covered_lines": 0, "num_statements": 0, "percent_covered": 100.0, "percent_covered_display": "100", "missing_lines": 0, "excluded_lines": 0, "percent_statements_covered": 100.0, "percent_statements_covered_display": "100"}, "missing_lines": [], "excluded_lines": [], "start_line": 1}}}, "app/core/auth.py": {"executed_lines": [], "summary": {"covered_lines": 0, "num_statements": 24, "percent_covered": 0.0, "percent_covered_display": "0", "missing_lines": 24, "excluded_lines": 0, "percent_statements_covered": 0.0, "percent_statements_covered_display": "0"}, "missing_lines": [2, 4, 5, 6, 7, 8, 10, 11, 14, 17, 20, 21, 24, 41, 47, 48, 49, 51, 52, 54, 55, 57, 60, 76], "excluded_lines": [], "functions": {"get_current_user": {"executed_lines": [], "summary": {"covered_lines": 0, "num_statements": 9, "percent_covered": 0.0, "percent_covered_display": "0", "missing_lines": 9, "excluded_lines": 0, "percent_statements_covered": 0.0, "percent_statements_covered_display": "0"}, "missing_lines": [41, 47, 48, 49, 51, 52, 54, 55, 57], "excluded_lines": [], "start_line": 24}, "get_current_active_user": {"executed_lines": [], "summary": {"covered_lines": 0, "num_statements": 1, "percent_covered": 0.0, "percent_covered_display": "0", "missing_lines": 1, "excluded_lines": 0, "percent_statements_covered": 0.0, "percent_statements_covered_display": "0"}, "missing_lines": [76], "excluded_lines": [], "start_line": 60}, "": {"executed_lines": [], "summary": {"covered_lines": 0, "num_statements": 14, "percent_covered": 0.0, "percent_covered_display": "0", "missing_lines": 14, "excluded_lines": 0, "percent_statements_covered": 0.0, "percent_statements_covered_display": "0"}, "missing_lines": [2, 4, 5, 6, 7, 8, 10, 11, 14, 17, 20, 21, 24, 60], "excluded_lines": [], "start_line": 1}}, "classes": {"TokenData": {"executed_lines": [], "summary": {"covered_lines": 0, "num_statements": 0, "percent_covered": 100.0, "percent_covered_display": "100", "missing_lines": 0, "excluded_lines": 0, "percent_statements_covered": 100.0, "percent_statements_covered_display": "100"}, "missing_lines": [], "excluded_lines": [], "start_line": 17}, "": {"executed_lines": [], "summary": {"covered_lines": 0, "num_statements": 24, "percent_covered": 0.0, "percent_covered_display": "0", "missing_lines": 24, "excluded_lines": 0, "percent_statements_covered": 0.0, "percent_statements_covered_display": "0"}, "missing_lines": [2, 4, 5, 6, 7, 8, 10, 11, 14, 17, 20, 21, 24, 41, 47, 48, 49, 51, 52, 54, 55, 57, 60, 76], "excluded_lines": [], "start_line": 1}}}, "app/core/exceptions.py": {"executed_lines": [2, 4, 7, 10, 19, 22, 31, 34, 41, 44, 51, 54, 61, 64, 71, 74], "summary": {"covered_lines": 16, "num_statements": 23, "percent_covered": 69.56521739130434, "percent_covered_display": "70", "missing_lines": 7, "excluded_lines": 0, "percent_statements_covered": 69.56521739130434, "percent_statements_covered_display": "70"}, "missing_lines": [16, 25, 35, 45, 55, 65, 75], "excluded_lines": [], "functions": {"AppException.__init__": {"executed_lines": [], "summary": {"covered_lines": 0, "num_statements": 1, "percent_covered": 0.0, "percent_covered_display": "0", "missing_lines": 1, "excluded_lines": 0, "percent_statements_covered": 0.0, "percent_statements_covered_display": "0"}, "missing_lines": [16], "excluded_lines": [], "start_line": 10}, "NotFoundException.__init__": {"executed_lines": [], "summary": {"covered_lines": 0, "num_statements": 1, "percent_covered": 0.0, "percent_covered_display": "0", "missing_lines": 1, "excluded_lines": 0, "percent_statements_covered": 0.0, "percent_statements_covered_display": "0"}, "missing_lines": [25], "excluded_lines": [], "start_line": 22}, "BadRequestException.__init__": {"executed_lines": [], "summary": {"covered_lines": 0, "num_statements": 1, "percent_covered": 0.0, "percent_covered_display": "0", "missing_lines": 1, "excluded_lines": 0, "percent_statements_covered": 0.0, "percent_statements_covered_display": "0"}, "missing_lines": [35], "excluded_lines": [], "start_line": 34}, "UnauthorizedException.__init__": {"executed_lines": [], "summary": {"covered_lines": 0, "num_statements": 1, "percent_covered": 0.0, "percent_covered_display": "0", "missing_lines": 1, "excluded_lines": 0, "percent_statements_covered": 0.0, "percent_statements_covered_display": "0"}, "missing_lines": [45], "excluded_lines": [], "start_line": 44}, "ForbiddenException.__init__": {"executed_lines": [], "summary": {"covered_lines": 0, "num_statements": 1, "percent_covered": 0.0, "percent_covered_display": "0", "missing_lines": 1, "excluded_lines": 0, "percent_statements_covered": 0.0, "percent_statements_covered_display": "0"}, "missing_lines": [55], "excluded_lines": [], "start_line": 54}, "ConflictException.__init__": {"executed_lines": [], "summary": {"covered_lines": 0, "num_statements": 1, "percent_covered": 0.0, "percent_covered_display": "0", "missing_lines": 1, "excluded_lines": 0, "percent_statements_covered": 0.0, "percent_statements_covered_display": "0"}, "missing_lines": [65], "excluded_lines": [], "start_line": 64}, "ValidationException.__init__": {"executed_lines": [], "summary": {"covered_lines": 0, "num_statements": 1, "percent_covered": 0.0, "percent_covered_display": "0", "missing_lines": 1, "excluded_lines": 0, "percent_statements_covered": 0.0, "percent_statements_covered_display": "0"}, "missing_lines": [75], "excluded_lines": [], "start_line": 74}, "": {"executed_lines": [2, 4, 7, 10, 19, 22, 31, 34, 41, 44, 51, 54, 61, 64, 71, 74], "summary": {"covered_lines": 16, "num_statements": 16, "percent_covered": 100.0, "percent_covered_display": "100", "missing_lines": 0, "excluded_lines": 0, "percent_statements_covered": 100.0, "percent_statements_covered_display": "100"}, "missing_lines": [], "excluded_lines": [], "start_line": 1}}, "classes": {"AppException": {"executed_lines": [], "summary": {"covered_lines": 0, "num_statements": 1, "percent_covered": 0.0, "percent_covered_display": "0", "missing_lines": 1, "excluded_lines": 0, "percent_statements_covered": 0.0, "percent_statements_covered_display": "0"}, "missing_lines": [16], "excluded_lines": [], "start_line": 7}, "NotFoundException": {"executed_lines": [], "summary": {"covered_lines": 0, "num_statements": 1, "percent_covered": 0.0, "percent_covered_display": "0", "missing_lines": 1, "excluded_lines": 0, "percent_statements_covered": 0.0, "percent_statements_covered_display": "0"}, "missing_lines": [25], "excluded_lines": [], "start_line": 19}, "BadRequestException": {"executed_lines": [], "summary": {"covered_lines": 0, "num_statements": 1, "percent_covered": 0.0, "percent_covered_display": "0", "missing_lines": 1, "excluded_lines": 0, "percent_statements_covered": 0.0, "percent_statements_covered_display": "0"}, "missing_lines": [35], "excluded_lines": [], "start_line": 31}, "UnauthorizedException": {"executed_lines": [], "summary": {"covered_lines": 0, "num_statements": 1, "percent_covered": 0.0, "percent_covered_display": "0", "missing_lines": 1, "excluded_lines": 0, "percent_statements_covered": 0.0, "percent_statements_covered_display": "0"}, "missing_lines": [45], "excluded_lines": [], "start_line": 41}, "ForbiddenException": {"executed_lines": [], "summary": {"covered_lines": 0, "num_statements": 1, "percent_covered": 0.0, "percent_covered_display": "0", "missing_lines": 1, "excluded_lines": 0, "percent_statements_covered": 0.0, "percent_statements_covered_display": "0"}, "missing_lines": [55], "excluded_lines": [], "start_line": 51}, "ConflictException": {"executed_lines": [], "summary": {"covered_lines": 0, "num_statements": 1, "percent_covered": 0.0, "percent_covered_display": "0", "missing_lines": 1, "excluded_lines": 0, "percent_statements_covered": 0.0, "percent_statements_covered_display": "0"}, "missing_lines": [65], "excluded_lines": [], "start_line": 61}, "ValidationException": {"executed_lines": [], "summary": {"covered_lines": 0, "num_statements": 1, "percent_covered": 0.0, "percent_covered_display": "0", "missing_lines": 1, "excluded_lines": 0, "percent_statements_covered": 0.0, "percent_statements_covered_display": "0"}, "missing_lines": [75], "excluded_lines": [], "start_line": 71}, "": {"executed_lines": [2, 4, 7, 10, 19, 22, 31, 34, 41, 44, 51, 54, 61, 64, 71, 74], "summary": {"covered_lines": 16, "num_statements": 16, "percent_covered": 100.0, "percent_covered_display": "100", "missing_lines": 0, "excluded_lines": 0, "percent_statements_covered": 100.0, "percent_statements_covered_display": "100"}, "missing_lines": [], "excluded_lines": [], "start_line": 1}}}, "app/core/permissions.py": {"executed_lines": [], "summary": {"covered_lines": 0, "num_statements": 22, "percent_covered": 0.0, "percent_covered_display": "0", "missing_lines": 22, "excluded_lines": 2, "percent_statements_covered": 0.0, "percent_statements_covered_display": "0"}, "missing_lines": [2, 9, 43, 127, 130, 133, 135, 136, 139, 141, 144, 146, 149, 151, 154, 156, 159, 161, 164, 166, 169, 170], "excluded_lines": [4, 5], "functions": {"has_permission": {"executed_lines": [], "summary": {"covered_lines": 0, "num_statements": 4, "percent_covered": 0.0, "percent_covered_display": "0", "missing_lines": 4, "excluded_lines": 0, "percent_statements_covered": 0.0, "percent_statements_covered_display": "0"}, "missing_lines": [130, 133, 135, 136], "excluded_lines": [], "start_line": 127}, "can_create_requirement": {"executed_lines": [], "summary": {"covered_lines": 0, "num_statements": 1, "percent_covered": 0.0, "percent_covered_display": "0", "missing_lines": 1, "excluded_lines": 0, "percent_statements_covered": 0.0, "percent_statements_covered_display": "0"}, "missing_lines": [141], "excluded_lines": [], "start_line": 139}, "can_update_requirement": {"executed_lines": [], "summary": {"covered_lines": 0, "num_statements": 1, "percent_covered": 0.0, "percent_covered_display": "0", "missing_lines": 1, "excluded_lines": 0, "percent_statements_covered": 0.0, "percent_statements_covered_display": "0"}, "missing_lines": [146], "excluded_lines": [], "start_line": 144}, "can_delete_requirement": {"executed_lines": [], "summary": {"covered_lines": 0, "num_statements": 1, "percent_covered": 0.0, "percent_covered_display": "0", "missing_lines": 1, "excluded_lines": 0, "percent_statements_covered": 0.0, "percent_statements_covered_display": "0"}, "missing_lines": [151], "excluded_lines": [], "start_line": 149}, "can_approve_analysis": {"executed_lines": [], "summary": {"covered_lines": 0, "num_statements": 1, "percent_covered": 0.0, "percent_covered_display": "0", "missing_lines": 1, "excluded_lines": 0, "percent_statements_covered": 0.0, "percent_statements_covered_display": "0"}, "missing_lines": [156], "excluded_lines": [], "start_line": 154}, "can_approve_verification": {"executed_lines": [], "summary": {"covered_lines": 0, "num_statements": 1, "percent_covered": 0.0, "percent_covered_display": "0", "missing_lines": 1, "excluded_lines": 0, "percent_statements_covered": 0.0, "percent_statements_covered_display": "0"}, "missing_lines": [161], "excluded_lines": [], "start_line": 159}, "get_user_permissions": {"executed_lines": [], "summary": {"covered_lines": 0, "num_statements": 3, "percent_covered": 0.0, "percent_covered_display": "0", "missing_lines": 3, "excluded_lines": 0, "percent_statements_covered": 0.0, "percent_statements_covered_display": "0"}, "missing_lines": [166, 169, 170], "excluded_lines": [], "start_line": 164}, "": {"executed_lines": [], "summary": {"covered_lines": 0, "num_statements": 10, "percent_covered": 0.0, "percent_covered_display": "0", "missing_lines": 10, "excluded_lines": 2, "percent_statements_covered": 0.0, "percent_statements_covered_display": "0"}, "missing_lines": [2, 9, 43, 127, 139, 144, 149, 154, 159, 164], "excluded_lines": [4, 5], "start_line": 1}}, "classes": {"": {"executed_lines": [], "summary": {"covered_lines": 0, "num_statements": 22, "percent_covered": 0.0, "percent_covered_display": "0", "missing_lines": 22, "excluded_lines": 2, "percent_statements_covered": 0.0, "percent_statements_covered_display": "0"}, "missing_lines": [2, 9, 43, 127, 130, 133, 135, 136, 139, 141, 144, 146, 149, 151, 154, 156, 159, 161, 164, 166, 169, 170], "excluded_lines": [4, 5], "start_line": 1}}}, "app/core/security.py": {"executed_lines": [2, 3, 4, 6, 8, 10, 13, 25, 26, 29, 39, 42, 55, 56, 59, 62, 63, 66, 69], "summary": {"covered_lines": 19, "num_statements": 25, "percent_covered": 76.0, "percent_covered_display": "76", "missing_lines": 6, "excluded_lines": 0, "percent_statements_covered": 76.0, "percent_statements_covered_display": "76"}, "missing_lines": [57, 79, 80, 83, 84, 85], "excluded_lines": [], "functions": {"verify_password": {"executed_lines": [25, 26], "summary": {"covered_lines": 2, "num_statements": 2, "percent_covered": 100.0, "percent_covered_display": "100", "missing_lines": 0, "excluded_lines": 0, "percent_statements_covered": 100.0, "percent_statements_covered_display": "100"}, "missing_lines": [], "excluded_lines": [], "start_line": 13}, "get_password_hash": {"executed_lines": [39], "summary": {"covered_lines": 1, "num_statements": 1, "percent_covered": 100.0, "percent_covered_display": "100", "missing_lines": 0, "excluded_lines": 0, "percent_statements_covered": 100.0, "percent_statements_covered_display": "100"}, "missing_lines": [], "excluded_lines": [], "start_line": 29}, "create_access_token": {"executed_lines": [55, 56, 59, 62, 63, 66], "summary": {"covered_lines": 6, "num_statements": 7, "percent_covered": 85.71428571428571, "percent_covered_display": "86", "missing_lines": 1, "excluded_lines": 0, "percent_statements_covered": 85.71428571428571, "percent_statements_covered_display": "86"}, "missing_lines": [57], "excluded_lines": [], "start_line": 42}, "decode_access_token": {"executed_lines": [], "summary": {"covered_lines": 0, "num_statements": 5, "percent_covered": 0.0, "percent_covered_display": "0", "missing_lines": 5, "excluded_lines": 0, "percent_statements_covered": 0.0, "percent_statements_covered_display": "0"}, "missing_lines": [79, 80, 83, 84, 85], "excluded_lines": [], "start_line": 69}, "": {"executed_lines": [2, 3, 4, 6, 8, 10, 13, 29, 42, 69], "summary": {"covered_lines": 10, "num_statements": 10, "percent_covered": 100.0, "percent_covered_display": "100", "missing_lines": 0, "excluded_lines": 0, "percent_statements_covered": 100.0, "percent_statements_covered_display": "100"}, "missing_lines": [], "excluded_lines": [], "start_line": 1}}, "classes": {"": {"executed_lines": [2, 3, 4, 6, 8, 10, 13, 25, 26, 29, 39, 42, 55, 56, 59, 62, 63, 66, 69], "summary": {"covered_lines": 19, "num_statements": 25, "percent_covered": 76.0, "percent_covered_display": "76", "missing_lines": 6, "excluded_lines": 0, "percent_statements_covered": 76.0, "percent_statements_covered_display": "76"}, "missing_lines": [57, 79, 80, 83, 84, 85], "excluded_lines": [], "start_line": 1}}}, "app/core/tenant.py": {"executed_lines": [2, 3, 5, 6, 9, 12, 14, 17, 19, 22, 31, 32, 33, 34, 35, 36, 37, 43, 44, 47], "summary": {"covered_lines": 20, "num_statements": 26, "percent_covered": 76.92307692307692, "percent_covered_display": "77", "missing_lines": 6, "excluded_lines": 0, "percent_statements_covered": 76.92307692307692, "percent_statements_covered_display": "77"}, "missing_lines": [38, 41, 52, 53, 54, 58], "excluded_lines": [], "functions": {"set_tenant_context": {"executed_lines": [14], "summary": {"covered_lines": 1, "num_statements": 1, "percent_covered": 100.0, "percent_covered_display": "100", "missing_lines": 0, "excluded_lines": 0, "percent_statements_covered": 100.0, "percent_statements_covered_display": "100"}, "missing_lines": [], "excluded_lines": [], "start_line": 12}, "get_current_tenant": {"executed_lines": [19], "summary": {"covered_lines": 1, "num_statements": 1, "percent_covered": 100.0, "percent_covered_display": "100", "missing_lines": 0, "excluded_lines": 0, "percent_statements_covered": 100.0, "percent_statements_covered_display": "100"}, "missing_lines": [], "excluded_lines": [], "start_line": 17}, "tenant_middleware": {"executed_lines": [31, 32, 33, 34, 35, 36, 37, 43, 44], "summary": {"covered_lines": 9, "num_statements": 11, "percent_covered": 81.81818181818181, "percent_covered_display": "82", "missing_lines": 2, "excluded_lines": 0, "percent_statements_covered": 81.81818181818181, "percent_statements_covered_display": "82"}, "missing_lines": [38, 41], "excluded_lines": [], "start_line": 22}, "require_tenant": {"executed_lines": [], "summary": {"covered_lines": 0, "num_statements": 4, "percent_covered": 0.0, "percent_covered_display": "0", "missing_lines": 4, "excluded_lines": 0, "percent_statements_covered": 0.0, "percent_statements_covered_display": "0"}, "missing_lines": [52, 53, 54, 58], "excluded_lines": [], "start_line": 47}, "": {"executed_lines": [2, 3, 5, 6, 9, 12, 17, 22, 47], "summary": {"covered_lines": 9, "num_statements": 9, "percent_covered": 100.0, "percent_covered_display": "100", "missing_lines": 0, "excluded_lines": 0, "percent_statements_covered": 100.0, "percent_statements_covered_display": "100"}, "missing_lines": [], "excluded_lines": [], "start_line": 1}}, "classes": {"": {"executed_lines": [2, 3, 5, 6, 9, 12, 14, 17, 19, 22, 31, 32, 33, 34, 35, 36, 37, 43, 44, 47], "summary": {"covered_lines": 20, "num_statements": 26, "percent_covered": 76.92307692307692, "percent_covered_display": "77", "missing_lines": 6, "excluded_lines": 0, "percent_statements_covered": 76.92307692307692, "percent_statements_covered_display": "77"}, "missing_lines": [38, 41, 52, 53, 54, 58], "excluded_lines": [], "start_line": 1}}}, "app/db/__init__.py": {"executed_lines": [], "summary": {"covered_lines": 0, "num_statements": 0, "percent_covered": 100.0, "percent_covered_display": "100", "missing_lines": 0, "excluded_lines": 0, "percent_statements_covered": 100.0, "percent_statements_covered_display": "100"}, "missing_lines": [], "excluded_lines": [], "functions": {"": {"executed_lines": [], "summary": {"covered_lines": 0, "num_statements": 0, "percent_covered": 100.0, "percent_covered_display": "100", "missing_lines": 0, "excluded_lines": 0, "percent_statements_covered": 100.0, "percent_statements_covered_display": "100"}, "missing_lines": [], "excluded_lines": [], "start_line": 1}}, "classes": {"": {"executed_lines": [], "summary": {"covered_lines": 0, "num_statements": 0, "percent_covered": 100.0, "percent_covered_display": "100", "missing_lines": 0, "excluded_lines": 0, "percent_statements_covered": 100.0, "percent_statements_covered_display": "100"}, "missing_lines": [], "excluded_lines": [], "start_line": 1}}}, "app/db/base.py": {"executed_lines": [2, 3, 4, 6, 8, 11, 15, 16, 17, 21, 28, 31, 36, 42], "summary": {"covered_lines": 14, "num_statements": 16, "percent_covered": 87.5, "percent_covered_display": "88", "missing_lines": 2, "excluded_lines": 0, "percent_statements_covered": 87.5, "percent_statements_covered_display": "88"}, "missing_lines": [18, 19], "excluded_lines": [], "functions": {"": {"executed_lines": [2, 3, 4, 6, 8, 11, 15, 16, 17, 21, 28, 31, 36, 42], "summary": {"covered_lines": 14, "num_statements": 16, "percent_covered": 87.5, "percent_covered_display": "88", "missing_lines": 2, "excluded_lines": 0, "percent_statements_covered": 87.5, "percent_statements_covered_display": "88"}, "missing_lines": [18, 19], "excluded_lines": [], "start_line": 1}}, "classes": {"": {"executed_lines": [2, 3, 4, 6, 8, 11, 15, 16, 17, 21, 28, 31, 36, 42], "summary": {"covered_lines": 14, "num_statements": 16, "percent_covered": 87.5, "percent_covered_display": "88", "missing_lines": 2, "excluded_lines": 0, "percent_statements_covered": 87.5, "percent_statements_covered_display": "88"}, "missing_lines": [18, 19], "excluded_lines": [], "start_line": 1}}}, "app/db/mixins.py": {"executed_lines": [2, 3, 5, 6, 12, 15, 18, 23, 26, 29, 32, 33], "summary": {"covered_lines": 12, "num_statements": 12, "percent_covered": 100.0, "percent_covered_display": "100", "missing_lines": 0, "excluded_lines": 2, "percent_statements_covered": 100.0, "percent_statements_covered_display": "100"}, "missing_lines": [], "excluded_lines": [8, 9], "functions": {"": {"executed_lines": [2, 3, 5, 6, 12, 15, 18, 23, 26, 29, 32, 33], "summary": {"covered_lines": 12, "num_statements": 12, "percent_covered": 100.0, "percent_covered_display": "100", "missing_lines": 0, "excluded_lines": 2, "percent_statements_covered": 100.0, "percent_statements_covered_display": "100"}, "missing_lines": [], "excluded_lines": [8, 9], "start_line": 1}}, "classes": {"TimestampMixin": {"executed_lines": [], "summary": {"covered_lines": 0, "num_statements": 0, "percent_covered": 100.0, "percent_covered_display": "100", "missing_lines": 0, "excluded_lines": 0, "percent_statements_covered": 100.0, "percent_statements_covered_display": "100"}, "missing_lines": [], "excluded_lines": [], "start_line": 12}, "TenantMixin": {"executed_lines": [], "summary": {"covered_lines": 0, "num_statements": 0, "percent_covered": 100.0, "percent_covered_display": "100", "missing_lines": 0, "excluded_lines": 0, "percent_statements_covered": 100.0, "percent_statements_covered_display": "100"}, "missing_lines": [], "excluded_lines": [], "start_line": 23}, "SoftDeleteMixin": {"executed_lines": [], "summary": {"covered_lines": 0, "num_statements": 0, "percent_covered": 100.0, "percent_covered_display": "100", "missing_lines": 0, "excluded_lines": 0, "percent_statements_covered": 100.0, "percent_statements_covered_display": "100"}, "missing_lines": [], "excluded_lines": [], "start_line": 29}, "": {"executed_lines": [2, 3, 5, 6, 12, 15, 18, 23, 26, 29, 32, 33], "summary": {"covered_lines": 12, "num_statements": 12, "percent_covered": 100.0, "percent_covered_display": "100", "missing_lines": 0, "excluded_lines": 2, "percent_statements_covered": 100.0, "percent_statements_covered_display": "100"}, "missing_lines": [], "excluded_lines": [8, 9], "start_line": 1}}}, "app/db/session.py": {"executed_lines": [2, 4, 5, 7, 10, 28, 40], "summary": {"covered_lines": 7, "num_statements": 17, "percent_covered": 41.1764705882353, "percent_covered_display": "41", "missing_lines": 10, "excluded_lines": 0, "percent_statements_covered": 41.1764705882353, "percent_statements_covered_display": "41"}, "missing_lines": [17, 18, 19, 20, 21, 22, 23, 25, 35, 36], "excluded_lines": [], "functions": {"get_db": {"executed_lines": [], "summary": {"covered_lines": 0, "num_statements": 8, "percent_covered": 0.0, "percent_covered_display": "0", "missing_lines": 8, "excluded_lines": 0, "percent_statements_covered": 0.0, "percent_statements_covered_display": "0"}, "missing_lines": [17, 18, 19, 20, 21, 22, 23, 25], "excluded_lines": [], "start_line": 10}, "get_async_db": {"executed_lines": [], "summary": {"covered_lines": 0, "num_statements": 2, "percent_covered": 0.0, "percent_covered_display": "0", "missing_lines": 2, "excluded_lines": 0, "percent_statements_covered": 0.0, "percent_statements_covered_display": "0"}, "missing_lines": [35, 36], "excluded_lines": [], "start_line": 28}, "": {"executed_lines": [2, 4, 5, 7, 10, 28, 40], "summary": {"covered_lines": 7, "num_statements": 7, "percent_covered": 100.0, "percent_covered_display": "100", "missing_lines": 0, "excluded_lines": 0, "percent_statements_covered": 100.0, "percent_statements_covered_display": "100"}, "missing_lines": [], "excluded_lines": [], "start_line": 1}}, "classes": {"": {"executed_lines": [2, 4, 5, 7, 10, 28, 40], "summary": {"covered_lines": 7, "num_statements": 17, "percent_covered": 41.1764705882353, "percent_covered_display": "41", "missing_lines": 10, "excluded_lines": 0, "percent_statements_covered": 41.1764705882353, "percent_statements_covered_display": "41"}, "missing_lines": [17, 18, 19, 20, 21, 22, 23, 25, 35, 36], "excluded_lines": [], "start_line": 1}}}, "app/main.py": {"executed_lines": [2, 3, 5, 6, 7, 8, 10, 11, 12, 14, 17, 18, 33, 44, 46, 55, 59, 60, 72, 73, 76, 77, 78, 79, 80, 82, 83, 94, 95, 109, 110, 122, 127, 128, 129, 130, 131, 132, 133, 134, 135, 136, 137], "summary": {"covered_lines": 43, "num_statements": 50, "percent_covered": 86.0, "percent_covered_display": "86", "missing_lines": 7, "excluded_lines": 0, "percent_statements_covered": 86.0, "percent_statements_covered_display": "86"}, "missing_lines": [25, 26, 27, 29, 62, 97, 112], "excluded_lines": [], "functions": {"lifespan": {"executed_lines": [], "summary": {"covered_lines": 0, "num_statements": 4, "percent_covered": 0.0, "percent_covered_display": "0", "missing_lines": 4, "excluded_lines": 0, "percent_statements_covered": 0.0, "percent_statements_covered_display": "0"}, "missing_lines": [25, 26, 27, 29], "excluded_lines": [], "start_line": 18}, "app_exception_handler": {"executed_lines": [], "summary": {"covered_lines": 0, "num_statements": 1, "percent_covered": 0.0, "percent_covered_display": "0", "missing_lines": 1, "excluded_lines": 0, "percent_statements_covered": 0.0, "percent_statements_covered_display": "0"}, "missing_lines": [62], "excluded_lines": [], "start_line": 60}, "validation_exception_handler": {"executed_lines": [76, 77, 78, 79, 80, 82, 83], "summary": {"covered_lines": 7, "num_statements": 7, "percent_covered": 100.0, "percent_covered_display": "100", "missing_lines": 0, "excluded_lines": 0, "percent_statements_covered": 100.0, "percent_statements_covered_display": "100"}, "missing_lines": [], "excluded_lines": [], "start_line": 73}, "root": {"executed_lines": [], "summary": {"covered_lines": 0, "num_statements": 1, "percent_covered": 0.0, "percent_covered_display": "0", "missing_lines": 1, "excluded_lines": 0, "percent_statements_covered": 0.0, "percent_statements_covered_display": "0"}, "missing_lines": [97], "excluded_lines": [], "start_line": 95}, "health_check": {"executed_lines": [], "summary": {"covered_lines": 0, "num_statements": 1, "percent_covered": 0.0, "percent_covered_display": "0", "missing_lines": 1, "excluded_lines": 0, "percent_statements_covered": 0.0, "percent_statements_covered_display": "0"}, "missing_lines": [112], "excluded_lines": [], "start_line": 110}, "": {"executed_lines": [2, 3, 5, 6, 7, 8, 10, 11, 12, 14, 17, 18, 33, 44, 46, 55, 59, 60, 72, 73, 94, 95, 109, 110, 122, 127, 128, 129, 130, 131, 132, 133, 134, 135, 136, 137], "summary": {"covered_lines": 36, "num_statements": 36, "percent_covered": 100.0, "percent_covered_display": "100", "missing_lines": 0, "excluded_lines": 0, "percent_statements_covered": 100.0, "percent_statements_covered_display": "100"}, "missing_lines": [], "excluded_lines": [], "start_line": 1}}, "classes": {"": {"executed_lines": [2, 3, 5, 6, 7, 8, 10, 11, 12, 14, 17, 18, 33, 44, 46, 55, 59, 60, 72, 73, 76, 77, 78, 79, 80, 82, 83, 94, 95, 109, 110, 122, 127, 128, 129, 130, 131, 132, 133, 134, 135, 136, 137], "summary": {"covered_lines": 43, "num_statements": 50, "percent_covered": 86.0, "percent_covered_display": "86", "missing_lines": 7, "excluded_lines": 0, "percent_statements_covered": 86.0, "percent_statements_covered_display": "86"}, "missing_lines": [25, 26, 27, 29, 62, 97, 112], "excluded_lines": [], "start_line": 1}}}, "app/models/__init__.py": {"executed_lines": [2, 3, 4, 5, 6, 7, 8, 9, 10, 11, 12, 13, 14, 15, 16, 17, 18, 19, 20, 21, 22, 23, 25], "summary": {"covered_lines": 23, "num_statements": 23, "percent_covered": 100.0, "percent_covered_display": "100", "missing_lines": 0, "excluded_lines": 0, "percent_statements_covered": 100.0, "percent_statements_covered_display": "100"}, "missing_lines": [], "excluded_lines": [], "functions": {"": {"executed_lines": [2, 3, 4, 5, 6, 7, 8, 9, 10, 11, 12, 13, 14, 15, 16, 17, 18, 19, 20, 21, 22, 23, 25], "summary": {"covered_lines": 23, "num_statements": 23, "percent_covered": 100.0, "percent_covered_display": "100", "missing_lines": 0, "excluded_lines": 0, "percent_statements_covered": 100.0, "percent_statements_covered_display": "100"}, "missing_lines": [], "excluded_lines": [], "start_line": 1}}, "classes": {"": {"executed_lines": [2, 3, 4, 5, 6, 7, 8, 9, 10, 11, 12, 13, 14, 15, 16, 17, 18, 19, 20, 21, 22, 23, 25], "summary": {"covered_lines": 23, "num_statements": 23, "percent_covered": 100.0, "percent_covered_display": "100", "missing_lines": 0, "excluded_lines": 0, "percent_statements_covered": 100.0, "percent_statements_covered_display": "100"}, "missing_lines": [], "excluded_lines": [], "start_line": 1}}}, "app/models/appeals.py": {"executed_lines": [2, 3, 5, 6, 8, 15, 18, 20, 21, 26, 27, 28, 31, 32, 33, 36, 37, 38, 41, 42, 43, 46, 47, 48, 51, 52, 53, 56, 57, 58, 61, 62, 63, 66, 68, 69, 72, 73, 75], "summary": {"covered_lines": 39, "num_statements": 40, "percent_covered": 97.5, "percent_covered_display": "98", "missing_lines": 1, "excluded_lines": 3, "percent_statements_covered": 97.5, "percent_statements_covered_display": "98"}, "missing_lines": [76], "excluded_lines": [10, 11, 12], "functions": {"AppealsAnalysis.__repr__": {"executed_lines": [], "summary": {"covered_lines": 0, "num_statements": 1, "percent_covered": 0.0, "percent_covered_display": "0", "missing_lines": 1, "excluded_lines": 0, "percent_statements_covered": 0.0, "percent_statements_covered_display": "0"}, "missing_lines": [76], "excluded_lines": [], "start_line": 75}, "": {"executed_lines": [2, 3, 5, 6, 8, 15, 18, 20, 21, 26, 27, 28, 31, 32, 33, 36, 37, 38, 41, 42, 43, 46, 47, 48, 51, 52, 53, 56, 57, 58, 61, 62, 63, 66, 68, 69, 72, 73, 75], "summary": {"covered_lines": 39, "num_statements": 39, "percent_covered": 100.0, "percent_covered_display": "100", "missing_lines": 0, "excluded_lines": 3, "percent_statements_covered": 100.0, "percent_statements_covered_display": "100"}, "missing_lines": [], "excluded_lines": [10, 11, 12], "start_line": 1}}, "classes": {"AppealsAnalysis": {"executed_lines": [], "summary": {"covered_lines": 0, "num_statements": 1, "percent_covered": 0.0, "percent_covered_display": "0", "missing_lines": 1, "excluded_lines": 0, "percent_statements_covered": 0.0, "percent_statements_covered_display": "0"}, "missing_lines": [76], "excluded_lines": [], "start_line": 15}, "": {"executed_lines": [2, 3, 5, 6, 8, 15, 18, 20, 21, 26, 27, 28, 31, 32, 33, 36, 37, 38, 41, 42, 43, 46, 47, 48, 51, 52, 53, 56, 57, 58, 61, 62, 63, 66, 68, 69, 72, 73, 75], "summary": {"covered_lines": 39, "num_statements": 39, "percent_covered": 100.0, "percent_covered_display": "100", "missing_lines": 0, "excluded_lines": 3, "percent_statements_covered": 100.0, "percent_statements_covered_display": "100"}, "missing_lines": [], "excluded_lines": [10, 11, 12], "start_line": 1}}}, "app/models/attachment.py": {"executed_lines": [2, 3, 5, 6, 8, 14, 17, 19, 20, 21, 23, 24, 25, 26, 27, 29, 30, 32, 33, 35], "summary": {"covered_lines": 20, "num_statements": 21, "percent_covered": 95.23809523809524, "percent_covered_display": "95", "missing_lines": 1, "excluded_lines": 2, "percent_statements_covered": 95.23809523809524, "percent_statements_covered_display": "95"}, "missing_lines": [36], "excluded_lines": [10, 11], "functions": {"Attachment.__repr__": {"executed_lines": [], "summary": {"covered_lines": 0, "num_statements": 1, "percent_covered": 0.0, "percent_covered_display": "0", "missing_lines": 1, "excluded_lines": 0, "percent_statements_covered": 0.0, "percent_statements_covered_display": "0"}, "missing_lines": [36], "excluded_lines": [], "start_line": 35}, "": {"executed_lines": [2, 3, 5, 6, 8, 14, 17, 19, 20, 21, 23, 24, 25, 26, 27, 29, 30, 32, 33, 35], "summary": {"covered_lines": 20, "num_statements": 20, "percent_covered": 100.0, "percent_covered_display": "100", "missing_lines": 0, "excluded_lines": 2, "percent_statements_covered": 100.0, "percent_statements_covered_display": "100"}, "missing_lines": [], "excluded_lines": [10, 11], "start_line": 1}}, "classes": {"Attachment": {"executed_lines": [], "summary": {"covered_lines": 0, "num_statements": 1, "percent_covered": 0.0, "percent_covered_display": "0", "missing_lines": 1, "excluded_lines": 0, "percent_statements_covered": 0.0, "percent_statements_covered_display": "0"}, "missing_lines": [36], "excluded_lines": [], "start_line": 14}, "": {"executed_lines": [2, 3, 5, 6, 8, 14, 17, 19, 20, 21, 23, 24, 25, 26, 27, 29, 30, 32, 33, 35], "summary": {"covered_lines": 20, "num_statements": 20, "percent_covered": 100.0, "percent_covered_display": "100", "missing_lines": 0, "excluded_lines": 2, "percent_statements_covered": 100.0, "percent_statements_covered_display": "100"}, "missing_lines": [], "excluded_lines": [10, 11], "start_line": 1}}}, "app/models/bp.py": {"executed_lines": [2, 3, 4, 6, 7, 8, 10, 17, 27, 30, 32, 33, 34, 35, 37, 38, 39, 40, 42, 43, 45, 46, 48, 49, 50, 51, 53], "summary": {"covered_lines": 27, "num_statements": 28, "percent_covered": 96.42857142857143, "percent_covered_display": "96", "missing_lines": 1, "excluded_lines": 3, "percent_statements_covered": 96.42857142857143, "percent_statements_covered_display": "96"}, "missing_lines": [54], "excluded_lines": [12, 13, 14], "functions": {"BusinessPlan.__repr__": {"executed_lines": [], "summary": {"covered_lines": 0, "num_statements": 1, "percent_covered": 0.0, "percent_covered_display": "0", "missing_lines": 1, "excluded_lines": 0, "percent_statements_covered": 0.0, "percent_statements_covered_display": "0"}, "missing_lines": [54], "excluded_lines": [], "start_line": 53}, "": {"executed_lines": [2, 3, 4, 6, 7, 8, 10, 17, 27, 30, 32, 33, 34, 35, 37, 38
[...]
, "summary": {"covered_lines": 0, "num_statements": 9, "percent_covered": 0.0, "percent_covered_display": "0", "missing_lines": 9, "excluded_lines": 0, "percent_statements_covered": 0.0, "percent_statements_covered_display": "0"}, "missing_lines": [99, 100, 101, 103, 104, 105, 106, 107, 109], "excluded_lines": [], "start_line": 92}, "VerificationMetricService.delete_metric": {"executed_lines": [], "summary": {"covered_lines": 0, "num_statements": 5, "percent_covered": 0.0, "percent_covered_display": "0", "missing_lines": 5, "excluded_lines": 0, "percent_statements_covered": 0.0, "percent_statements_covered_display": "0"}, "missing_lines": [113, 114, 115, 117, 118], "excluded_lines": [], "start_line": 111}, "VerificationMetricService.submit_verification": {"executed_lines": [], "summary": {"covered_lines": 0, "num_statements": 13, "percent_covered": 0.0, "percent_covered_display": "0", "missing_lines": 13, "excluded_lines": 0, "percent_statements_covered": 0.0, "percent_statements_covered_display": "0"}, "missing_lines": [147, 148, 149, 152, 155, 163, 164, 165, 166, 167, 170, 175, 185], "excluded_lines": [], "start_line": 124}, "VerificationMetricService.get_dashboard_data": {"executed_lines": [], "summary": {"covered_lines": 0, "num_statements": 9, "percent_covered": 0.0, "percent_covered_display": "0", "missing_lines": 9, "excluded_lines": 0, "percent_statements_covered": 0.0, "percent_statements_covered_display": "0"}, "missing_lines": [199, 202, 205, 213, 215, 216, 217, 228, 230], "excluded_lines": [], "start_line": 187}, "": {"executed_lines": [], "summary": {"covered_lines": 0, "num_statements": 19, "percent_covered": 0.0, "percent_covered_display": "0", "missing_lines": 19, "excluded_lines": 0, "percent_statements_covered": 0.0, "percent_statements_covered_display": "0"}, "missing_lines": [2, 3, 4, 6, 7, 8, 9, 10, 11, 14, 17, 27, 66, 70, 77, 92, 111, 124, 187], "excluded_lines": [], "start_line": 1}}, "classes": {"VerificationMetricService": {"executed_lines": [], "summary": {"covered_lines": 0, "num_statements": 55, "percent_covered": 0.0, "percent_covered_display": "0", "missing_lines": 55, "excluded_lines": 0, "percent_statements_covered": 0.0, "percent_statements_covered_display": "0"}, "missing_lines": [18, 19, 20, 21, 44, 47, 48, 49, 51, 52, 55, 56, 57, 59, 68, 74, 75, 84, 85, 99, 100, 101, 103, 104, 105, 106, 107, 109, 113, 114, 115, 117, 118, 147, 148, 149, 152, 155, 163, 164, 165, 166, 167, 170, 175, 185, 199, 202, 205, 213, 215, 216, 217, 228, 230], "excluded_lines": [], "start_line": 14}, "": {"executed_lines": [], "summary": {"covered_lines": 0, "num_statements": 19, "percent_covered": 0.0, "percent_covered_display": "0", "missing_lines": 19, "excluded_lines": 0, "percent_statements_covered": 0.0, "percent_statements_covered_display": "0"}, "missing_lines": [2, 3, 4, 6, 7, 8, 9, 10, 11, 14, 17, 27, 66, 70, 77, 92, 111, 124, 187], "excluded_lines": [], "start_line": 1}}}, "app/utils/__init__.py": {"executed_lines": [], "summary": {"covered_lines": 0, "num_statements": 4, "percent_covered": 0.0, "percent_covered_display": "0", "missing_lines": 4, "excluded_lines": 0, "percent_statements_covered": 0.0, "percent_statements_covered_display": "0"}, "missing_lines": [2, 3, 4, 6], "excluded_lines": [], "functions": {"": {"executed_lines": [], "summary": {"covered_lines": 0, "num_statements": 4, "percent_covered": 0.0, "percent_covered_display": "0", "missing_lines": 4, "excluded_lines": 0, "percent_statements_covered": 0.0, "percent_statements_covered_display": "0"}, "missing_lines": [2, 3, 4, 6], "excluded_lines": [], "start_line": 1}}, "classes": {"": {"executed_lines": [], "summary": {"covered_lines": 0, "num_statements": 4, "percent_covered": 0.0, "percent_covered_display": "0", "missing_lines": 4, "excluded_lines": 0, "percent_statements_covered": 0.0, "percent_statements_covered_display": "0"}, "missing_lines": [2, 3, 4, 6], "excluded_lines": [], "start_line": 1}}}, "app/utils/calculator.py": {"executed_lines": [], "summary": {"covered_lines": 0, "num_statements": 119, "percent_covered": 0.0, "percent_covered_display": "0", "missing_lines": 119, "excluded_lines": 0, "percent_statements_covered": 0.0, "percent_statements_covered_display": "0"}, "missing_lines": [2, 3, 6, 10, 18, 27, 34, 35, 47, 56, 57, 59, 61, 62, 72, 74, 75, 85, 87, 88, 100, 101, 102, 103, 105, 106, 108, 109, 111, 112, 136, 139, 140, 141, 143, 144, 145, 147, 148, 149, 151, 152, 153, 156, 163, 165, 166, 191, 194, 197, 200, 203, 210, 212, 213, 229, 232, 233, 236, 237, 240, 241, 242, 243, 244, 247, 248, 249, 251, 252, 255, 256, 257, 258, 259, 261, 263, 264, 281, 284, 287, 290, 296, 298, 299, 309, 310, 320, 323, 326, 329, 334, 335, 336, 337, 340, 341, 342, 343, 346, 347, 348, 349, 351, 361, 362, 376, 382, 384, 385, 398, 400, 401, 402, 403, 404, 405, 408, 410], "excluded_lines": [], "functions": {"RequirementCalculator.calculate_invest_score": {"executed_lines": [], "summary": {"covered_lines": 0, "num_statements": 4, "percent_covered": 0.0, "percent_covered_display": "0", "missing_lines": 4, "excluded_lines": 0, "percent_statements_covered": 0.0, "percent_statements_covered_display": "0"}, "missing_lines": [47, 56, 57, 59], "excluded_lines": [], "start_line": 35}, "RequirementCalculator.get_moscow_score": {"executed_lines": [], "summary": {"covered_lines": 0, "num_statements": 1, "percent_covered": 0.0, "percent_covered_display": "0", "missing_lines": 1, "excluded_lines": 0, "percent_statements_covered": 0.0, "percent_statements_covered_display": "0"}, "missing_lines": [72], "excluded_lines": [], "start_line": 62}, "RequirementCalculator.get_kano_score": {"executed_lines": [], "summary": {"covered_lines": 0, "num_statements": 1, "percent_covered": 0.0, "percent_covered_display": "0", "missing_lines": 1, "excluded_lines": 0, "percent_statements_covered": 0.0, "percent_statements_covered_display": "0"}, "missing_lines": [85], "excluded_lines": [], "start_line": 75}, "RequirementCalculator.calculate_rice_score": {"executed_lines": [], "summary": {"covered_lines": 0, "num_statements": 8, "percent_covered": 0.0, "percent_covered_display": "0", "missing_lines": 8, "excluded_lines": 0, "percent_statements_covered": 0.0, "percent_statements_covered_display": "0"}, "missing_lines": [100, 101, 102, 103, 105, 106, 108, 109], "excluded_lines": [], "start_line": 88}, "RequirementCalculator.calculate_overall_score": {"executed_lines": [], "summary": {"covered_lines": 0, "num_statements": 15, "percent_covered": 0.0, "percent_covered_display": "0", "missing_lines": 15, "excluded_lines": 0, "percent_statements_covered": 0.0, "percent_statements_covered_display": "0"}, "missing_lines": [136, 139, 140, 141, 143, 144, 145, 147, 148, 149, 151, 152, 153, 156, 163], "excluded_lines": [], "start_line": 112}, "RequirementCalculator.calculate_priority_score": {"executed_lines": [], "summary": {"covered_lines": 0, "num_statements": 6, "percent_covered": 0.0, "percent_covered_display": "0", "missing_lines": 6, "excluded_lines": 0, "percent_statements_covered": 0.0, "percent_statements_covered_display": "0"}, "missing_lines": [191, 194, 197, 200, 203, 210], "excluded_lines": [], "start_line": 166}, "RequirementCalculator.calculate_risk_score": {"executed_lines": [], "summary": {"covered_lines": 0, "num_statements": 21, "percent_covered": 0.0, "percent_covered_display": "0", "missing_lines": 21, "excluded_lines": 0, "percent_statements_covered": 0.0, "percent_statements_covered_display": "0"}, "missing_lines": [229, 232, 233, 236, 237, 240, 241, 242, 243, 244, 247, 248, 249, 251, 252, 255, 256, 257, 258, 259, 261], "excluded_lines": [], "start_line": 213}, "RequirementCalculator.calculate_effort_score": {"executed_lines": [], "summary": {"covered_lines": 0, "num_statements": 5, "percent_covered": 0.0, "percent_covered_display": "0", "missing_lines": 5, "excluded_lines": 0, "percent_statements_covered": 0.0, "percent_statements_covered_display": "0"}, "missing_lines": [281, 284, 287, 290, 296], "excluded_lines": [], "start_line": 264}, "RequirementCalculator.analyze_requirements_batch": {"executed_lines": [], "summary": {"covered_lines": 0, "num_statements": 19, "percent_covered": 0.0, "percent_covered_display": "0", "missing_lines": 19, "excluded_lines": 0, "percent_statements_covered": 0.0, "percent_statements_covered_display": "0"}, "missing_lines": [309, 310, 320, 323, 326, 329, 334, 335, 336, 337, 340, 341, 342, 343, 346, 347, 348, 349, 351], "excluded_lines": [], "start_line": 299}, "RequirementCalculator.recommend_priority": {"executed_lines": [], "summary": {"covered_lines": 0, "num_statements": 2, "percent_covered": 0.0, "percent_covered_display": "0", "missing_lines": 2, "excluded_lines": 0, "percent_statements_covered": 0.0, "percent_statements_covered_display": "0"}, "missing_lines": [376, 382], "excluded_lines": [], "start_line": 362}, "RequirementCalculator.identify_high_risk": {"executed_lines": [], "summary": {"covered_lines": 0, "num_statements": 9, "percent_covered": 0.0, "percent_covered_display": "0", "missing_lines": 9, "excluded_lines": 0, "percent_statements_covered": 0.0, "percent_statements_covered_display": "0"}, "missing_lines": [398, 400, 401, 402, 403, 404, 405, 408, 410], "excluded_lines": [], "start_line": 385}, "": {"executed_lines": [], "summary": {"covered_lines": 0, "num_statements": 28, "percent_covered": 0.0, "percent_covered_display": "0", "missing_lines": 28, "excluded_lines": 0, "percent_statements_covered": 0.0, "percent_statements_covered_display": "0"}, "missing_lines": [2, 3, 6, 10, 18, 27, 34, 35, 61, 62, 74, 75, 87, 88, 111, 112, 165, 166, 212, 213, 263, 264, 298, 299, 361, 362, 384, 385], "excluded_lines": [], "start_line": 1}}, "classes": {"RequirementCalculator": {"executed_lines": [], "summary": {"covered_lines": 0, "num_statements": 91, "percent_covered": 0.0, "percent_covered_display": "0", "missing_lines": 91, "excluded_lines": 0, "percent_statements_covered": 0.0, "percent_statements_covered_display": "0"}, "missing_lines": [47, 56, 57, 59, 72, 85, 100, 101, 102, 103, 105, 106, 108, 109, 136, 139, 140, 141, 143, 144, 145, 147, 148, 149, 151, 152, 153, 156, 163, 191, 194, 197, 200, 203, 210, 229, 232, 233, 236, 237, 240, 241, 242, 243, 244, 247, 248, 249, 251, 252, 255, 256, 257, 258, 259, 261, 281, 284, 287, 290, 296, 309, 310, 320, 323, 326, 329, 334, 335, 336, 337, 340, 341, 342, 343, 346, 347, 348, 349, 351, 376, 382, 398, 400, 401, 402, 403, 404, 405, 408, 410], "excluded_lines": [], "start_line": 6}, "": {"executed_lines": [], "summary": {"covered_lines": 0, "num_statements": 28, "percent_covered": 0.0, "percent_covered_display": "0", "missing_lines": 28, "excluded_lines": 0, "percent_statements_covered": 0.0, "percent_statements_covered_display": "0"}, "missing_lines": [2, 3, 6, 10, 18, 27, 34, 35, 61, 62, 74, 75, 87, 88, 111, 112, 165, 166, 212, 213, 263, 264, 298, 299, 361, 362, 384, 385], "excluded_lines": [], "start_line": 1}}}, "app/utils/excel.py": {"executed_lines": [], "summary": {"covered_lines": 0, "num_statements": 116, "percent_covered": 0.0, "percent_covered_display": "0", "missing_lines": 116, "excluded_lines": 0, "percent_statements_covered": 0.0, "percent_statements_covered_display": "0"}, "missing_lines": [2, 3, 4, 5, 6, 7, 10, 13, 14, 21, 22, 23, 26, 43, 44, 45, 48, 49, 50, 51, 52, 55, 56, 57, 58, 59, 60, 63, 79, 80, 83, 84, 85, 86, 88, 89, 100, 101, 103, 104, 106, 108, 111, 112, 115, 131, 133, 135, 136, 149, 150, 151, 153, 154, 157, 160, 161, 162, 165, 166, 167, 168, 169, 172, 173, 174, 177, 178, 180, 181, 183, 186, 187, 188, 190, 191, 192, 193, 195, 196, 199, 200, 201, 202, 204, 205, 218, 219, 220, 223, 224, 227, 230, 231, 233, 234, 235, 236, 239, 240, 241, 242, 244, 245, 246, 247, 248, 249, 252, 253, 254, 255, 258, 259, 260, 261], "excluded_lines": [], "functions": {"ExcelHandler.create_template": {"executed_lines": [], "summary": {"covered_lines": 0, "num_statements": 25, "percent_covered": 0.0, "percent_covered_display": "0", "missing_lines": 25, "excluded_lines": 0, "percent_statements_covered": 0.0, "percent_statements_covered_display": "0"}, "missing_lines": [21, 22, 23, 26, 43, 44, 45, 48, 49, 50, 51, 52, 55, 56, 57, 58, 59, 60, 63, 79, 80, 83, 84, 85, 86], "excluded_lines": [], "start_line": 14}, "ExcelHandler.import_from_excel": {"executed_lines": [], "summary": {"covered_lines": 0, "num_statements": 11, "percent_covered": 0.0, "percent_covered_display": "0", "missing_lines": 11, "excluded_lines": 0, "percent_statements_covered": 0.0, "percent_statements_covered_display": "0"}, "missing_lines": [100, 101, 103, 104, 106, 108, 111, 112, 115, 131, 133], "excluded_lines": [], "start_line": 89}, "ExcelHandler.export_to_excel": {"executed_lines": [], "summary": {"covered_lines": 0, "num_statements": 35, "percent_covered": 0.0, "percent_covered_display": "0", "missing_lines": 35, "excluded_lines": 0, "percent_statements_covered": 0.0, "percent_statements_covered_display": "0"}, "missing_lines": [149, 150, 151, 153, 154, 157, 160, 161, 162, 165, 166, 167, 168, 169, 172, 173, 174, 177, 178, 180, 181, 183, 186, 187, 188, 190, 191, 192, 193, 195, 196, 199, 200, 201, 202], "excluded_lines": [], "start_line": 136}, "ExcelHandler.export_verification_checklist": {"executed_lines": [], "summary": {"covered_lines": 0, "num_statements": 30, "percent_covered": 0.0, "percent_covered_display": "0", "missing_lines": 30, "excluded_lines": 0, "percent_statements_covered": 0.0, "percent_statements_covered_display": "0"}, "missing_lines": [218, 219, 220, 223, 224, 227, 230, 231, 233, 234, 235, 236, 239, 240, 241, 242, 244, 245, 246, 247, 248, 249, 252, 253, 254, 255, 258, 259, 260, 261], "excluded_lines": [], "start_line": 205}, "": {"executed_lines": [], "summary": {"covered_lines": 0, "num_statements": 15, "percent_covered": 0.0, "percent_covered_display": "0", "missing_lines": 15, "excluded_lines": 0, "percent_statements_covered": 0.0, "percent_statements_covered_display": "0"}, "missing_lines": [2, 3, 4, 5, 6, 7, 10, 13, 14, 88, 89, 135, 136, 204, 205], "excluded_lines": [], "start_line": 1}}, "classes": {"ExcelHandler": {"executed_lines": [], "summary": {"covered_lines": 0, "num_statements": 101, "percent_covered": 0.0, "percent_covered_display": "0", "missing_lines": 101, "excluded_lines": 0, "percent_statements_covered": 0.0, "percent_statements_covered_display": "0"}, "missing_lines": [21, 22, 23, 26, 43, 44, 45, 48, 49, 50, 51, 52, 55, 56, 57, 58, 59, 60, 63, 79, 80, 83, 84, 85, 86, 100, 101, 103, 104, 106, 108, 111, 112, 115, 131, 133, 149, 150, 151, 153, 154, 157, 160, 161, 162, 165, 166, 167, 168, 169, 172, 173, 174, 177, 178, 180, 181, 183, 186, 187, 188, 190, 191, 192, 193, 195, 196, 199, 200, 201, 202, 218, 219, 220, 223, 224, 227, 230, 231, 233, 234, 235, 236, 239, 240, 241, 242, 244, 245, 246, 247, 248, 249, 252, 253, 254, 255, 258, 259, 260, 261], "excluded_lines": [], "start_line": 10}, "": {"executed_lines": [], "summary": {"covered_lines": 0, "num_statements": 15, "percent_covered": 0.0, "percent_covered_display": "0", "missing_lines": 15, "excluded_lines": 0, "percent_statements_covered": 0.0, "percent_statements_covered_display": "0"}, "missing_lines": [2, 3, 4, 5, 6, 7, 10, 13, 14, 88, 89, 135, 136, 204, 205], "excluded_lines": [], "start_line": 1}}}, "app/utils/pdf.py": {"executed_lines": [], "summary": {"covered_lines": 0, "num_statements": 75, "percent_covered": 0.0, "percent_covered_display": "0", "missing_lines": 75, "excluded_lines": 0, "percent_statements_covered": 0.0, "percent_statements_covered_display": "0"}, "missing_lines": [2, 3, 4, 7, 10, 12, 13, 20, 21, 39, 78, 80, 81, 83, 86, 87, 88, 89, 90, 91, 92, 93, 94, 97, 98, 99, 102, 103, 104, 107, 108, 109, 110, 111, 112, 113, 116, 117, 118, 120, 122, 123, 139, 150, 151, 158, 159, 161, 162, 178, 192, 193, 194, 195, 197, 206, 207, 208, 209, 212, 213, 215, 216, 222, 223, 229, 235, 236, 238, 239, 255, 269, 270, 278, 279], "excluded_lines": [], "functions": {"PDFGenerator.__init__": {"executed_lines": [], "summary": {"covered_lines": 0, "num_statements": 2, "percent_covered": 0.0, "percent_covered_display": "0", "missing_lines": 2, "excluded_lines": 0, "percent_statements_covered": 0.0, "percent_statements_covered_display": "0"}, "missing_lines": [12, 13], "excluded_lines": [], "start_line": 10}, "PDFGenerator.generate_requirement_pdf": {"executed_lines": [], "summary": {"covered_lines": 0, "num_statements": 2, "percent_covered": 0.0, "percent_covered_display": "0", "missing_lines": 2, "excluded_lines": 0, "percent_statements_covered": 0.0, "percent_statements_covered_display": "0"}, "missing_lines": [39, 78], "excluded_lines": [], "start_line": 21}, "PDFGenerator._format_analysis": {"executed_lines": [], "summary": {"covered_lines": 0, "num_statements": 27, "percent_covered": 0.0, "percent_covered_display": "0", "missing_lines": 27, "excluded_lines": 0, "percent_statements_covered": 0.0, "percent_statements_covered_display": "0"}, "missing_lines": [83, 86, 87, 88, 89, 90, 91, 92, 93, 94, 97, 98, 99, 102, 103, 104, 107, 108, 109, 110, 111, 112, 113, 116, 117, 118, 120], "excluded_lines": [], "start_line": 81}, "PDFGenerator.generate_requirements_summary_pdf": {"executed_lines": [], "summary": {"covered_lines": 0, "num_statements": 5, "percent_covered": 0.0, "percent_covered_display": "0", "missing_lines": 5, "excluded_lines": 0, "percent_statements_covered": 0.0, "percent_statements_covered_display": "0"}, "missing_lines": [139, 150, 151, 158, 159], "excluded_lines": [], "start_line": 123}, "PDFGenerator.generate_verification_report_pdf": {"executed_lines": [], "summary": {"covered_lines": 0, "num_statements": 19, "percent_covered": 0.0, "percent_covered_display": "0", "missing_lines": 19, "excluded_lines": 0, "percent_statements_covered": 0.0, "percent_statements_covered_display": "0"}, "missing_lines": [178, 192, 193, 194, 195, 197, 206, 207, 208, 209, 212, 213, 215, 216, 222, 223, 229, 235, 236], "excluded_lines": [], "start_line": 162}, "PDFGenerator.generate_rtm_pdf": {"executed_lines": [], "summary": {"covered_lines": 0, "num_statements": 5, "percent_covered": 0.0, "percent_covered_display": "0", "missing_lines": 5, "excluded_lines": 0, "percent_statements_covered": 0.0, "percent_statements_covered_display": "0"}, "missing_lines": [255, 269, 270, 278, 279], "excluded_lines": [], "start_line": 239}, "": {"executed_lines": [], "summary": {"covered_lines": 0, "num_statements": 15, "percent_covered": 0.0, "percent_covered_display": "0", "missing_lines": 15, "excluded_lines": 0, "percent_statements_covered": 0.0, "percent_statements_covered_display": "0"}, "missing_lines": [2, 3, 4, 7, 10, 20, 21, 80, 81, 122, 123, 161, 162, 238, 239], "excluded_lines": [], "start_line": 1}}, "classes": {"PDFGenerator": {"executed_lines": [], "summary": {"covered_lines": 0, "num_statements": 60, "percent_covered": 0.0, "percent_covered_display": "0", "missing_lines": 60, "excluded_lines": 0, "percent_statements_covered": 0.0, "percent_statements_covered_display": "0"}, "missing_lines": [12, 13, 39, 78, 83, 86, 87, 88, 89, 90, 91, 92, 93, 94, 97, 98, 99, 102, 103, 104, 107, 108, 109, 110, 111, 112, 113, 116, 117, 118, 120, 139, 150, 151, 158, 159, 178, 192, 193, 194, 195, 197, 206, 207, 208, 209, 212, 213, 215, 216, 222, 223, 229, 235, 236, 255, 269, 270, 278, 279], "excluded_lines": [], "start_line": 7}, "": {"executed_lines": [], "summary": {"covered_lines": 0, "num_statements": 15, "percent_covered": 0.0, "percent_covered_display": "0", "missing_lines": 15, "excluded_lines": 0, "percent_statements_covered": 0.0, "percent_statements_covered_display": "0"}, "missing_lines": [2, 3, 4, 7, 10, 20, 21, 80, 81, 122, 123, 161, 162, 238, 239], "excluded_lines": [], "start_line": 1}}}}, "totals": {"covered_lines": 1978, "num_statements": 3423, "percent_covered": 57.78556821501607, "percent_covered_display": "58", "missing_lines": 1445, "excluded_lines": 43, "percent_statements_covered": 57.78556821501607, "percent_statements_covered_display": "58"}}